Warning: Use of default value for --package is deprecated. Please add '--package CABGA381' to arguments.
Info: constraining clock net 'clk' to 25.00 MHz
Info: Running script hook pre-pack...
Info: Script hook pre-pack finished.

Info: Logic utilisation before packing:
Info:     Total LUT4s:        54/83640     0%
Info:         logic LUTs:     54/83640     0%
Info:         carry LUTs:      0/83640     0%
Info:           RAM LUTs:      0/41820     0%
Info:          RAMW LUTs:      0/20910     0%

Info:      Total DFFs:        32/83640     0%

Info: Packing IOs..
Info: pin 'setting[16]$tr_io' constrained to Bel 'X126/Y53/PIOA'.
Info: pin 'setting[15]$tr_io' constrained to Bel 'X126/Y56/PIOB'.
Info: pin 'setting[14]$tr_io' constrained to Bel 'X126/Y56/PIOA'.
Info: pin 'setting[13]$tr_io' constrained to Bel 'X126/Y92/PIOB'.
Info: pin 'setting[12]$tr_io' constrained to Bel 'X126/Y92/PIOA'.
Info: pin 'setting[11]$tr_io' constrained to Bel 'X0/Y41/PIOB'.
Info: pin 'setting[10]$tr_io' constrained to Bel 'X0/Y41/PIOA'.
Info: pin 'setting[9]$tr_io' constrained to Bel 'X0/Y44/PIOB'.
Info: pin 'setting[8]$tr_io' constrained to Bel 'X0/Y44/PIOA'.
Info: pin 'setting[7]$tr_io' constrained to Bel 'X0/Y20/PIOB'.
Info: pin 'setting[6]$tr_io' constrained to Bel 'X0/Y20/PIOA'.
Info: pin 'setting[5]$tr_io' constrained to Bel 'X0/Y14/PIOB'.
Info: pin 'setting[4]$tr_io' constrained to Bel 'X0/Y14/PIOA'.
Info: pin 'setting[3]$tr_io' constrained to Bel 'X0/Y35/PIOB'.
Info: pin 'setting[2]$tr_io' constrained to Bel 'X0/Y35/PIOA'.
Info: pin 'setting[1]$tr_io' constrained to Bel 'X0/Y11/PIOB'.
Info: pin 'setting[0]$tr_io' constrained to Bel 'X0/Y11/PIOA'.
Info: pin 'rst$tr_io' constrained to Bel 'X6/Y95/PIOA'.
Info: pin 'result[15]$tr_io' constrained to Bel 'X4/Y0/PIOB'.
Info: pin 'result[14]$tr_io' constrained to Bel 'X4/Y0/PIOA'.
Info: pin 'result[13]$tr_io' constrained to Bel 'X11/Y0/PIOB'.
Info: pin 'result[12]$tr_io' constrained to Bel 'X11/Y0/PIOA'.
Info: pin 'result[11]$tr_io' constrained to Bel 'X15/Y0/PIOB'.
Info: pin 'result[10]$tr_io' constrained to Bel 'X15/Y0/PIOA'.
Info: pin 'result[9]$tr_io' constrained to Bel 'X18/Y0/PIOB'.
Info: pin 'result[8]$tr_io' constrained to Bel 'X18/Y0/PIOA'.
Info: pin 'result[7]$tr_io' constrained to Bel 'X58/Y0/PIOB'.
Info: pin 'result[6]$tr_io' constrained to Bel 'X58/Y0/PIOA'.
Info: pin 'result[5]$tr_io' constrained to Bel 'X60/Y0/PIOB'.
Info: pin 'result[4]$tr_io' constrained to Bel 'X60/Y0/PIOA'.
Info: pin 'result[3]$tr_io' constrained to Bel 'X63/Y0/PIOB'.
Info: pin 'result[2]$tr_io' constrained to Bel 'X63/Y0/PIOA'.
Info: pin 'result[1]$tr_io' constrained to Bel 'X65/Y0/PIOB'.
Info: pin 'result[0]$tr_io' constrained to Bel 'X65/Y0/PIOA'.
Info: pin 'en$tr_io' constrained to Bel 'X126/Y53/PIOB'.
Info: pin 'clk$tr_io' constrained to Bel 'X0/Y47/PIOA'.
Info: Packing constants..
Info: Packing carries...
Info: Finding LUTFF pairs...
Info: Packing LUT5-7s...
Info: Finding LUT-LUT pairs...
Info: Packing paired LUTs into a SLICE...
Info: Packing unpaired LUTs into a SLICE...
Info: Packing unpaired FFs into a SLICE...
Info: Generating derived timing constraints...
Info: Promoting globals...
Info:     promoting clock net clk$TRELLIS_IO_IN to global network
Info: Checksum: 0x2bf93397

Info: Annotating ports with timing budgets for target frequency 12.00 MHz
Info: Checksum: 0x873068c1

Info: Device utilisation:
Info: 	       TRELLIS_SLICE:    33/41820     0%
Info: 	          TRELLIS_IO:    36/  365     9%
Info: 	                DCCA:     1/   56     1%
Info: 	              DP16KD:     0/  208     0%
Info: 	          MULT18X18D:     0/  156     0%
Info: 	              ALU54B:     0/   78     0%
Info: 	             EHXPLLL:     0/    4     0%
Info: 	             EXTREFB:     0/    2     0%
Info: 	                DCUA:     0/    2     0%
Info: 	           PCSCLKDIV:     0/    2     0%
Info: 	             IOLOGIC:     0/  224     0%
Info: 	            SIOLOGIC:     0/  141     0%
Info: 	                 GSR:     0/    1     0%
Info: 	               JTAGG:     0/    1     0%
Info: 	                OSCG:     0/    1     0%
Info: 	               SEDGA:     0/    1     0%
Info: 	                 DTR:     0/    1     0%
Info: 	             USRMCLK:     0/    1     0%
Info: 	             CLKDIVF:     0/    4     0%
Info: 	           ECLKSYNCB:     0/   10     0%
Info: 	             DLLDELD:     0/    8     0%
Info: 	              DDRDLL:     0/    4     0%
Info: 	             DQSBUFM:     0/   14     0%
Info: 	     TRELLIS_ECLKBUF:     0/    8     0%
Info: 	        ECLKBRIDGECS:     0/    2     0%
Info: 	                DCSC:     0/    2     0%

Info: Running script hook pre-place...
Info: Script hook pre-place finished.
Info: Placed 36 cells based on constraints.
Info: Creating initial analytic placement for 31 cells, random placement wirelen = 7574.
Info:     at initial placer iter 0, wirelen = 2088
Info:     at initial placer iter 1, wirelen = 2068
Info:     at initial placer iter 2, wirelen = 2078
Info:     at initial placer iter 3, wirelen = 2071
Info: Running main analytical placer.
Info:     at iteration #1, type TRELLIS_SLICE: wirelen solved = 2078, spread = 2141, legal = 2141; time = 0.01s
Info: HeAP Placer Time: 0.03s
Info:   of which solving equations: 0.01s
Info:   of which spreading cells: 0.00s
Info:   of which strict legalisation: 0.00s

Info: Running simulated annealing placer for refinement.
Info:   at iteration #1: temp = 0.000000, timing cost = 23, wirelen = 2141
Info:   at iteration #2: temp = 0.000000, timing cost = 15, wirelen = 2141 
Info: SA placement time 0.01s

Info: Max frequency for clock '$glbnet$clk$TRELLIS_IO_IN': 96.78 MHz (PASS at 25.00 MHz)

Info: Max delay <async>                           -> posedge $glbnet$clk$TRELLIS_IO_IN: 26.04 ns
Info: Max delay posedge $glbnet$clk$TRELLIS_IO_IN -> <async>                          : 9.77 ns

Info: Slack histogram:
Info:  legend: * represents 1 endpoint(s)
Info:          + represents [1,1) endpoint(s)
Info: [ 13964,  17263) |** 
Info: [ 17263,  20562) |****************************** 
Info: [ 20562,  23861) | 
Info: [ 23861,  27160) |**************** 
Info: [ 27160,  30459) |**** 
Info: [ 30459,  33758) |***** 
Info: [ 33758,  37057) |******* 
Info: [ 37057,  40356) | 
Info: [ 40356,  43655) | 
Info: [ 43655,  46954) | 
Info: [ 46954,  50253) | 
Info: [ 50253,  53552) | 
Info: [ 53552,  56851) | 
Info: [ 56851,  60150) | 
Info: [ 60150,  63449) | 
Info: [ 63449,  66748) | 
Info: [ 66748,  70047) | 
Info: [ 70047,  73346) | 
Info: [ 73346,  76645) |******** 
Info: [ 76645,  79944) |******** 
Info: Checksum: 0xd1caecce
Info: Running script hook pre-route...
Info: Script hook pre-route finished.
Info: Routing globals...
Info:     routing clock net $glbnet$clk$TRELLIS_IO_IN using global 0

Info: Routing..
Info: Setting up routing queue.
Info: Routing 247 arcs.
Info:            |   (re-)routed arcs  |   delta    | remaining|       time spent     |
Info:    IterCnt |  w/ripup   wo/ripup |  w/r  wo/r |      arcs| batch(sec) total(sec)|
Info:        259 |       10        249 |   10   249 |         0|       0.06       0.06|
Info: Routing complete.
Info: Router1 time 0.06s
Info: Checksum: 0x7bc8b95f

Info: Critical path report for clock '$glbnet$clk$TRELLIS_IO_IN' (posedge -> posedge):
Info: curr total
Info:  0.5  0.5  Source system_system_result.system_controlM_c$result_rec.c$ds_app_arg_LUT4_Z_13_SLICE.Q0
Info:  1.0  1.5    Net result[2]$TRELLIS_IO_OUT budget 3.736000 ns (16,9) -> (15,9)
Info:                Sink system_system_result.system_collatzer_result_0.system_onOddM_result_1.result_LUT4_Z_12_B_LUT4_Z_SLICE.D0
Info:                Defined in:
Info:                  hdl/Main.topEntity/system.v:13.26-13.32
Info:  0.2  1.8  Source system_system_result.system_collatzer_result_0.system_onOddM_result_1.result_LUT4_Z_12_B_LUT4_Z_SLICE.F0
Info:  0.5  2.3    Net system_system_result.system_collatzer_result_0.system_onOddM_result_1.result_LUT4_Z_12_B[2] budget 3.735000 ns (15,9) -> (15,9)
Info:                Sink system_system_result.system_collatzer_result_0.system_onOddM_result_1.result_LUT4_Z_9_A_LUT4_Z_SLICE.D0
Info:                Defined in:
Info:                  /usr/bin/../share/yosys/ecp5/cells_map.v:109.23-109.24
Info:  0.2  2.5  Source system_system_result.system_collatzer_result_0.system_onOddM_result_1.result_LUT4_Z_9_A_LUT4_Z_SLICE.F0
Info:  0.2  2.7    Net system_system_result.system_collatzer_result_0.system_onOddM_result_1.result_LUT4_Z_9_A[2] budget 3.735000 ns (15,9) -> (15,9)
Info:                Sink system_system_result.system_collatzer_result_0.system_onOddM_result_1.result_LUT4_Z_9_SLICE.D1
Info:                Defined in:
Info:                  /usr/bin/../share/yosys/ecp5/cells_map.v:109.23-109.24
Info:  0.2  2.9  Source system_system_result.system_collatzer_result_0.system_onOddM_result_1.result_LUT4_Z_9_SLICE.F1
Info:  0.7  3.6    Net system_system_result.system_collatzer_result_0.system_onOddM_result_1.result_LUT4_Z_8_B[0] budget 3.735000 ns (15,9) -> (15,11)
Info:                Sink system_system_result.system_collatzer_result_0.system_onOddM_result_1.result_LUT4_Z_8_SLICE.D1
Info:                Defined in:
Info:                  /usr/bin/../share/yosys/ecp5/cells_map.v:109.23-109.24
Info:  0.2  3.9  Source system_system_result.system_collatzer_result_0.system_onOddM_result_1.result_LUT4_Z_8_SLICE.F1
Info:  0.7  4.6    Net system_system_result.system_collatzer_result_0.system_onOddM_result_1.result_LUT4_Z_6_B[2] budget 3.735000 ns (15,11) -> (14,12)
Info:                Sink system_system_result.system_collatzer_result_0.system_onOddM_result_1.result_LUT4_Z_6_SLICE.D1
Info:                Defined in:
Info:                  /usr/bin/../share/yosys/ecp5/cells_map.v:109.23-109.24
Info:  0.2  4.9  Source system_system_result.system_collatzer_result_0.system_onOddM_result_1.result_LUT4_Z_6_SLICE.F1
Info:  0.4  5.3    Net system_system_result.system_collatzer_result_0.system_onOddM_result_1.result_LUT4_Z_4_B[2] budget 3.735000 ns (14,12) -> (14,12)
Info:                Sink system_system_result.system_collatzer_result_0.system_onOddM_result_1.result_LUT4_Z_4_SLICE.D1
Info:                Defined in:
Info:                  /usr/bin/../share/yosys/ecp5/cells_map.v:109.23-109.24
Info:  0.2  5.5  Source system_system_result.system_collatzer_result_0.system_onOddM_result_1.result_LUT4_Z_4_SLICE.F1
Info:  0.3  5.8    Net system_system_result.system_collatzer_result_0.system_onOddM_result_1.result_LUT4_Z_2_B[0] budget 3.735000 ns (14,12) -> (14,12)
Info:                Sink system_system_result.system_collatzer_result_0.system_onOddM_result_1.result_LUT4_Z_2_SLICE.D0
Info:                Defined in:
Info:                  /usr/bin/../share/yosys/ecp5/cells_map.v:109.23-109.24
Info:  0.2  6.0  Source system_system_result.system_collatzer_result_0.system_onOddM_result_1.result_LUT4_Z_2_SLICE.F0
Info:  0.5  6.5    Net system_system_result.system_collatzer_result_0.result_1[14] budget 3.735000 ns (14,12) -> (15,12)
Info:                Sink system_system_result.system_controlM_c$result_rec.c$ds_app_arg_LUT4_Z_SLICE.D1
Info:                Defined in:
Info:                  hdl/Main.topEntity/system_collatzer.v:20.15-20.31
Info:  0.2  6.7  Source system_system_result.system_controlM_c$result_rec.c$ds_app_arg_LUT4_Z_SLICE.F1
Info:  0.5  7.2    Net system_system_result.result_0[14] budget 3.735000 ns (15,12) -> (15,12)
Info:                Sink system_system_result.system_controlM_c$result_rec.c$ds_app_arg_LUT4_Z_1_SLICE.D0
Info:                Defined in:
Info:                  hdl/Main.topEntity/system_system.v:16.15-16.23
Info:  0.2  7.4  Source system_system_result.system_controlM_c$result_rec.c$ds_app_arg_LUT4_Z_1_SLICE.F0
Info:  0.1  7.6    Net system_system_result.system_controlM_c$result_rec.c$ds_app_arg[14] budget 3.735000 ns (15,12) -> (15,12)
Info:                Sink system_system_result.system_controlM_c$result_rec.c$ds_app_arg_LUT4_Z_1_SLICE.DI0
Info:                Defined in:
Info:                  hdl/Main.topEntity/system_controlM.v:16.15-16.27
Info:  0.0  7.6  Setup system_system_result.system_controlM_c$result_rec.c$ds_app_arg_LUT4_Z_1_SLICE.DI0
Info: 2.6 ns logic, 4.9 ns routing

Info: Critical path report for cross-domain path '<async>' -> 'posedge $glbnet$clk$TRELLIS_IO_IN':
Info: curr total
Info:  0.0  0.0  Source setting[13]$tr_io.O
Info: 10.8 10.8    Net setting[13]$TRELLIS_IO_IN budget 19.882000 ns (126,92) -> (14,12)
Info:                Sink system_system_result.system_controlM_c$result_rec.c$ds_app_arg_LUT4_Z_2_SLICE.B0
Info:                Defined in:
Info:                  hdl/Main.topEntity/system.v:10.20-10.27
Info:  0.2 11.1  Source system_system_result.system_controlM_c$result_rec.c$ds_app_arg_LUT4_Z_2_SLICE.F0
Info:  0.1 11.2    Net system_system_result.system_controlM_c$result_rec.c$ds_app_arg[13] budget 4.176000 ns (14,12) -> (14,12)
Info:                Sink system_system_result.system_controlM_c$result_rec.c$ds_app_arg_LUT4_Z_2_SLICE.DI0
Info:                Defined in:
Info:                  hdl/Main.topEntity/system_controlM.v:16.15-16.27
Info:  0.0 11.2  Setup system_system_result.system_controlM_c$result_rec.c$ds_app_arg_LUT4_Z_2_SLICE.DI0
Info: 0.2 ns logic, 11.0 ns routing

Info: Critical path report for cross-domain path 'posedge $glbnet$clk$TRELLIS_IO_IN' -> '<async>':
Info: curr total
Info:  0.5  0.5  Source system_system_result.system_controlM_c$result_rec.c$ds_app_arg_LUT4_Z_15_SLICE.Q0
Info:  4.1  4.6    Net result[0]$TRELLIS_IO_OUT budget 82.807999 ns (15,11) -> (65,0)
Info:                Sink result[0]$tr_io.I
Info:                Defined in:
Info:                  hdl/Main.topEntity/system.v:13.26-13.32
Info: 0.5 ns logic, 4.1 ns routing

Info: Max frequency for clock '$glbnet$clk$TRELLIS_IO_IN': 132.01 MHz (PASS at 25.00 MHz)

Info: Max delay <async>                           -> posedge $glbnet$clk$TRELLIS_IO_IN: 11.22 ns
Info: Max delay posedge $glbnet$clk$TRELLIS_IO_IN -> <async>                          : 4.60 ns

Info: Slack histogram:
Info:  legend: * represents 1 endpoint(s)
Info:          + represents [1,1) endpoint(s)
Info: [ 28785,  31407) |*************** 
Info: [ 31407,  34029) |************************************* 
Info: [ 34029,  36651) |*********** 
Info: [ 36651,  39273) |* 
Info: [ 39273,  41895) | 
Info: [ 41895,  44517) | 
Info: [ 44517,  47139) | 
Info: [ 47139,  49761) | 
Info: [ 49761,  52383) | 
Info: [ 52383,  55005) | 
Info: [ 55005,  57627) | 
Info: [ 57627,  60249) | 
Info: [ 60249,  62871) | 
Info: [ 62871,  65493) | 
Info: [ 65493,  68115) | 
Info: [ 68115,  70737) | 
Info: [ 70737,  73359) | 
Info: [ 73359,  75981) | 
Info: [ 75981,  78603) | 
Info: [ 78603,  81225) |**************** 
Info: Running script hook post-route...
Info: Script hook post-route finished.

1 warning, 0 errors

Info: Program finished normally.
