
 /----------------------------------------------------------------------------\
 |                                                                            |
 |  yosys -- Yosys Open SYnthesis Suite                                       |
 |                                                                            |
 |  Copyright (C) 2012 - 2020  Claire Xenia Wolf <claire@yosyshq.com>         |
 |                                                                            |
 |  Permission to use, copy, modify, and/or distribute this software for any  |
 |  purpose with or without fee is hereby granted, provided that the above    |
 |  copyright notice and this permission notice appear in all copies.         |
 |                                                                            |
 |  THE SOFTWARE IS PROVIDED "AS IS" AND THE AUTHOR DISCLAIMS ALL WARRANTIES  |
 |  WITH REGARD TO THIS SOFTWARE INCLUDING ALL IMPLIED WARRANTIES OF          |
 |  MERCHANTABILITY AND FITNESS. IN NO EVENT SHALL THE AUTHOR BE LIABLE FOR   |
 |  ANY SPECIAL, DIRECT, INDIRECT, OR CONSEQUENTIAL DAMAGES OR ANY DAMAGES    |
 |  WHATSOEVER RESULTING FROM LOSS OF USE, DATA OR PROFITS, WHETHER IN AN     |
 |  ACTION OF CONTRACT, NEGLIGENCE OR OTHER TORTIOUS ACTION, ARISING OUT OF   |
 |  OR IN CONNECTION WITH THE USE OR PERFORMANCE OF THIS SOFTWARE.            |
 |                                                                            |
 \----------------------------------------------------------------------------/

 Yosys 0.10.0 (git sha1 UNKNOWN, gcc 11.1.0 -march=x86-64 -mtune=generic -O2 -fno-plt -fPIC -Os)


-- Executing script file `/usr/share/ex-part/yosys/hierarchic.ys' --

1. Executing Verilog-2005 frontend: hdl/Main.topEntity/system.v
Parsing Verilog input from `hdl/Main.topEntity/system.v' to AST representation.
Generating RTLIL representation for module `\system'.
Successfully finished Verilog frontend.

2. Executing Verilog-2005 frontend: hdl/Main.topEntity/system_controlM.v
Parsing Verilog input from `hdl/Main.topEntity/system_controlM.v' to AST representation.
Generating RTLIL representation for module `\system_controlM'.
Successfully finished Verilog frontend.

3. Executing Verilog-2005 frontend: hdl/Main.topEntity/system_mergerM.v
Parsing Verilog input from `hdl/Main.topEntity/system_mergerM.v' to AST representation.
Generating RTLIL representation for module `\system_mergerM'.
Successfully finished Verilog frontend.

4. Executing Verilog-2005 frontend: hdl/Main.topEntity/system_onEvenM.v
Parsing Verilog input from `hdl/Main.topEntity/system_onEvenM.v' to AST representation.
Generating RTLIL representation for module `\system_onEvenM'.
Successfully finished Verilog frontend.

5. Executing Verilog-2005 frontend: hdl/Main.topEntity/system_onOddM.v
Parsing Verilog input from `hdl/Main.topEntity/system_onOddM.v' to AST representation.
Generating RTLIL representation for module `\system_onOddM'.
Successfully finished Verilog frontend.

6. Executing Verilog-2005 frontend: hdl/Main.topEntity/system_routerM.v
Parsing Verilog input from `hdl/Main.topEntity/system_routerM.v' to AST representation.
Generating RTLIL representation for module `\system_routerM'.
Successfully finished Verilog frontend.

7. Executing Verilog-2005 frontend: hdl/Main.topEntity/system_system.v
Parsing Verilog input from `hdl/Main.topEntity/system_system.v' to AST representation.
Generating RTLIL representation for module `\system_system'.
Successfully finished Verilog frontend.

8. Executing SYNTH_ECP5 pass.

8.1. Executing Verilog-2005 frontend: /usr/bin/../share/yosys/ecp5/cells_sim.v
Parsing Verilog input from `/usr/bin/../share/yosys/ecp5/cells_sim.v' to AST representation.
Generating RTLIL representation for module `\LUT4'.
Generating RTLIL representation for module `\$__ABC9_LUT5'.
Generating RTLIL representation for module `\$__ABC9_LUT6'.
Generating RTLIL representation for module `\$__ABC9_LUT7'.
Generating RTLIL representation for module `\L6MUX21'.
Generating RTLIL representation for module `\CCU2C'.
Generating RTLIL representation for module `\TRELLIS_RAM16X2'.
Generating RTLIL representation for module `\PFUMX'.
Generating RTLIL representation for module `\TRELLIS_DPR16X4'.
Generating RTLIL representation for module `\DPR16X4C'.
Generating RTLIL representation for module `\LUT2'.
Generating RTLIL representation for module `\TRELLIS_FF'.
Generating RTLIL representation for module `\TRELLIS_IO'.
Generating RTLIL representation for module `\INV'.
Generating RTLIL representation for module `\TRELLIS_SLICE'.
Generating RTLIL representation for module `\DP16KD'.
Generating RTLIL representation for module `\FD1P3AX'.
Generating RTLIL representation for module `\FD1P3AY'.
Generating RTLIL representation for module `\FD1P3BX'.
Generating RTLIL representation for module `\FD1P3DX'.
Generating RTLIL representation for module `\FD1P3IX'.
Generating RTLIL representation for module `\FD1P3JX'.
Generating RTLIL representation for module `\FD1S3AX'.
Generating RTLIL representation for module `\FD1S3AY'.
Generating RTLIL representation for module `\FD1S3BX'.
Generating RTLIL representation for module `\FD1S3DX'.
Generating RTLIL representation for module `\FD1S3IX'.
Generating RTLIL representation for module `\FD1S3JX'.
Generating RTLIL representation for module `\IFS1P3BX'.
Generating RTLIL representation for module `\IFS1P3DX'.
Generating RTLIL representation for module `\IFS1P3IX'.
Generating RTLIL representation for module `\IFS1P3JX'.
Generating RTLIL representation for module `\OFS1P3BX'.
Generating RTLIL representation for module `\OFS1P3DX'.
Generating RTLIL representation for module `\OFS1P3IX'.
Generating RTLIL representation for module `\OFS1P3JX'.
Generating RTLIL representation for module `\IB'.
Generating RTLIL representation for module `\IBPU'.
Generating RTLIL representation for module `\IBPD'.
Generating RTLIL representation for module `\OB'.
Generating RTLIL representation for module `\OBZ'.
Generating RTLIL representation for module `\OBZPU'.
Generating RTLIL representation for module `\OBZPD'.
Generating RTLIL representation for module `\OBCO'.
Generating RTLIL representation for module `\BB'.
Generating RTLIL representation for module `\BBPU'.
Generating RTLIL representation for module `\BBPD'.
Generating RTLIL representation for module `\ILVDS'.
Generating RTLIL representation for module `\OLVDS'.
Successfully finished Verilog frontend.

8.2. Executing Verilog-2005 frontend: /usr/bin/../share/yosys/ecp5/cells_bb.v
Parsing Verilog input from `/usr/bin/../share/yosys/ecp5/cells_bb.v' to AST representation.
Generating RTLIL representation for module `\MULT18X18D'.
Generating RTLIL representation for module `\ALU54B'.
Generating RTLIL representation for module `\EHXPLLL'.
Generating RTLIL representation for module `\DTR'.
Generating RTLIL representation for module `\OSCG'.
Generating RTLIL representation for module `\USRMCLK'.
Generating RTLIL representation for module `\JTAGG'.
Generating RTLIL representation for module `\DELAYF'.
Generating RTLIL representation for module `\DELAYG'.
Generating RTLIL representation for module `\IDDRX1F'.
Generating RTLIL representation for module `\IDDRX2F'.
Generating RTLIL representation for module `\IDDR71B'.
Generating RTLIL representation for module `\IDDRX2DQA'.
Generating RTLIL representation for module `\ODDRX1F'.
Generating RTLIL representation for module `\ODDRX2F'.
Generating RTLIL representation for module `\ODDR71B'.
Generating RTLIL representation for module `\OSHX2A'.
Generating RTLIL representation for module `\ODDRX2DQA'.
Generating RTLIL representation for module `\ODDRX2DQSB'.
Generating RTLIL representation for module `\TSHX2DQA'.
Generating RTLIL representation for module `\TSHX2DQSA'.
Generating RTLIL representation for module `\DQSBUFM'.
Generating RTLIL representation for module `\DDRDLLA'.
Generating RTLIL representation for module `\DLLDELD'.
Generating RTLIL representation for module `\CLKDIVF'.
Generating RTLIL representation for module `\ECLKSYNCB'.
Generating RTLIL representation for module `\ECLKBRIDGECS'.
Generating RTLIL representation for module `\DCCA'.
Generating RTLIL representation for module `\DCSC'.
Generating RTLIL representation for module `\DCUA'.
Generating RTLIL representation for module `\EXTREFB'.
Generating RTLIL representation for module `\PCSCLKDIV'.
Generating RTLIL representation for module `\PUR'.
Generating RTLIL representation for module `\GSR'.
Generating RTLIL representation for module `\SGSR'.
Generating RTLIL representation for module `\PDPW16KD'.
Successfully finished Verilog frontend.

8.3. Executing HIERARCHY pass (managing design hierarchy).

8.3.1. Finding top of design hierarchy..
root of   1 design levels: system_system       
root of   0 design levels: system_routerM      
root of   0 design levels: system_onOddM       
root of   0 design levels: system_onEvenM      
root of   0 design levels: system_mergerM      
root of   0 design levels: system_controlM     
root of   2 design levels: system              
Automatically selected system as design top module.

8.3.2. Analyzing design hierarchy..
Top module:  \system
Used module:     \system_system
Used module:         \system_controlM
Used module:         \system_mergerM
Used module:         \system_onEvenM
Used module:         \system_onOddM
Used module:         \system_routerM

8.3.3. Analyzing design hierarchy..
Top module:  \system
Used module:     \system_system
Used module:         \system_controlM
Used module:         \system_mergerM
Used module:         \system_onEvenM
Used module:         \system_onOddM
Used module:         \system_routerM
Removed 0 unused modules.

8.4. Executing PROC pass (convert processes to netlists).

8.4.1. Executing PROC_CLEAN pass (remove empty switches from decision trees).
Found and cleaned up 1 empty switch in `\TRELLIS_DPR16X4.$proc$/usr/bin/../share/yosys/ecp5/cells_sim.v:213$133'.
Cleaned up 1 empty switch.

8.4.2. Executing PROC_RMDEAD pass (remove dead branches from decision trees).
Marked 1 switch rules as full_case in process $proc$/usr/bin/../share/yosys/ecp5/cells_sim.v:350$233 in module TRELLIS_FF.
Marked 1 switch rules as full_case in process $proc$/usr/bin/../share/yosys/ecp5/cells_sim.v:285$192 in module DPR16X4C.
Marked 1 switch rules as full_case in process $proc$/usr/bin/../share/yosys/ecp5/cells_sim.v:221$134 in module TRELLIS_DPR16X4.
Marked 1 switch rules as full_case in process $proc$hdl/Main.topEntity/system_controlM.v:29$2 in module system_controlM.
Removed a total of 0 dead cases.

8.4.3. Executing PROC_PRUNE pass (remove redundant assignments in processes).
Removed 0 redundant assignments.
Promoted 43 assignments to connections.

8.4.4. Executing PROC_INIT pass (extract init attributes).
Found init rule in `\TRELLIS_FF.$proc$/usr/bin/../share/yosys/ecp5/cells_sim.v:0$237'.
  Set init value: \Q = 1'0
Found init rule in `\system_controlM.$proc$hdl/Main.topEntity/system_controlM.v:18$3'.
  Set init value: \last_val = 16'0000000000000000

8.4.5. Executing PROC_ARST pass (detect async resets in processes).
Found async reset \c$controller_result_value_bindCsr_0 in `\system_controlM.$proc$hdl/Main.topEntity/system_controlM.v:29$2'.

8.4.6. Executing PROC_MUX pass (convert decision trees to multiplexers).
Creating decoders for process `\TRELLIS_FF.$proc$/usr/bin/../share/yosys/ecp5/cells_sim.v:0$237'.
Creating decoders for process `\TRELLIS_FF.$proc$/usr/bin/../share/yosys/ecp5/cells_sim.v:350$233'.
     1/1: $0\Q[0:0]
Creating decoders for process `\DPR16X4C.$proc$/usr/bin/../share/yosys/ecp5/cells_sim.v:0$215'.
Creating decoders for process `\DPR16X4C.$proc$/usr/bin/../share/yosys/ecp5/cells_sim.v:285$192'.
     1/3: $1$memwr$\ram$/usr/bin/../share/yosys/ecp5/cells_sim.v:287$191_EN[3:0]$198
     2/3: $1$memwr$\ram$/usr/bin/../share/yosys/ecp5/cells_sim.v:287$191_DATA[3:0]$197
     3/3: $1$memwr$\ram$/usr/bin/../share/yosys/ecp5/cells_sim.v:287$191_ADDR[3:0]$196
Creating decoders for process `\TRELLIS_DPR16X4.$proc$/usr/bin/../share/yosys/ecp5/cells_sim.v:0$158'.
Creating decoders for process `\TRELLIS_DPR16X4.$proc$/usr/bin/../share/yosys/ecp5/cells_sim.v:221$134'.
     1/3: $1$memwr$\mem$/usr/bin/../share/yosys/ecp5/cells_sim.v:223$132_EN[3:0]$140
     2/3: $1$memwr$\mem$/usr/bin/../share/yosys/ecp5/cells_sim.v:223$132_DATA[3:0]$139
     3/3: $1$memwr$\mem$/usr/bin/../share/yosys/ecp5/cells_sim.v:223$132_ADDR[3:0]$138
Creating decoders for process `\TRELLIS_DPR16X4.$proc$/usr/bin/../share/yosys/ecp5/cells_sim.v:213$133'.
Creating decoders for process `\system_controlM.$proc$hdl/Main.topEntity/system_controlM.v:18$3'.
Creating decoders for process `\system_controlM.$proc$hdl/Main.topEntity/system_controlM.v:29$2'.
     1/1: $0\last_val[15:0]

8.4.7. Executing PROC_DLATCH pass (convert process syncs to latches).

8.4.8. Executing PROC_DFF pass (convert process syncs to FFs).
Creating register for signal `\TRELLIS_FF.\Q' using process `\TRELLIS_FF.$proc$/usr/bin/../share/yosys/ecp5/cells_sim.v:350$233'.
  created $dff cell `$procdff$263' with positive edge clock.
Creating register for signal `\DPR16X4C.\i' using process `\DPR16X4C.$proc$/usr/bin/../share/yosys/ecp5/cells_sim.v:0$215'.
  created direct connection (no actual register cell created).
Creating register for signal `\DPR16X4C.$memwr$\ram$/usr/bin/../share/yosys/ecp5/cells_sim.v:281$176_EN' using process `\DPR16X4C.$proc$/usr/bin/../share/yosys/ecp5/cells_sim.v:0$215'.
  created direct connection (no actual register cell created).
Creating register for signal `\DPR16X4C.$memwr$\ram$/usr/bin/../share/yosys/ecp5/cells_sim.v:281$177_EN' using process `\DPR16X4C.$proc$/usr/bin/../share/yosys/ecp5/cells_sim.v:0$215'.
  created direct connection (no actual register cell created).
Creating register for signal `\DPR16X4C.$memwr$\ram$/usr/bin/../share/yosys/ecp5/cells_sim.v:281$178_EN' using process `\DPR16X4C.$proc$/usr/bin/../share/yosys/ecp5/cells_sim.v:0$215'.
  created direct connection (no actual register cell created).
Creating register for signal `\DPR16X4C.$memwr$\ram$/usr/bin/../share/yosys/ecp5/cells_sim.v:281$179_EN' using process `\DPR16X4C.$proc$/usr/bin/../share/yosys/ecp5/cells_sim.v:0$215'.
  created direct connection (no actual register cell created).
Creating register for signal `\DPR16X4C.$memwr$\ram$/usr/bin/../share/yosys/ecp5/cells_sim.v:281$180_EN' using process `\DPR16X4C.$proc$/usr/bin/../share/yosys/ecp5/cells_sim.v:0$215'.
  created direct connection (no actual register cell created).
Creating register for signal `\DPR16X4C.$memwr$\ram$/usr/bin/../share/yosys/ecp5/cells_sim.v:281$181_EN' using process `\DPR16X4C.$proc$/usr/bin/../share/yosys/ecp5/cells_sim.v:0$215'.
  created direct connection (no actual register cell created).
Creating register for signal `\DPR16X4C.$memwr$\ram$/usr/bin/../share/yosys/ecp5/cells_sim.v:281$182_EN' using process `\DPR16X4C.$proc$/usr/bin/../share/yosys/ecp5/cells_sim.v:0$215'.
  created direct connection (no actual register cell created).
Creating register for signal `\DPR16X4C.$memwr$\ram$/usr/bin/../share/yosys/ecp5/cells_sim.v:281$183_EN' using process `\DPR16X4C.$proc$/usr/bin/../share/yosys/ecp5/cells_sim.v:0$215'.
  created direct connection (no actual register cell created).
Creating register for signal `\DPR16X4C.$memwr$\ram$/usr/bin/../share/yosys/ecp5/cells_sim.v:281$184_EN' using process `\DPR16X4C.$proc$/usr/bin/../share/yosys/ecp5/cells_sim.v:0$215'.
  created direct connection (no actual register cell created).
Creating register for signal `\DPR16X4C.$memwr$\ram$/usr/bin/../share/yosys/ecp5/cells_sim.v:281$185_EN' using process `\DPR16X4C.$proc$/usr/bin/../share/yosys/ecp5/cells_sim.v:0$215'.
  created direct connection (no actual register cell created).
Creating register for signal `\DPR16X4C.$memwr$\ram$/usr/bin/../share/yosys/ecp5/cells_sim.v:281$186_EN' using process `\DPR16X4C.$proc$/usr/bin/../share/yosys/ecp5/cells_sim.v:0$215'.
  created direct connection (no actual register cell created).
Creating register for signal `\DPR16X4C.$memwr$\ram$/usr/bin/../share/yosys/ecp5/cells_sim.v:281$187_EN' using process `\DPR16X4C.$proc$/usr/bin/../share/yosys/ecp5/cells_sim.v:0$215'.
  created direct connection (no actual register cell created).
Creating register for signal `\DPR16X4C.$memwr$\ram$/usr/bin/../share/yosys/ecp5/cells_sim.v:281$188_EN' using process `\DPR16X4C.$proc$/usr/bin/../share/yosys/ecp5/cells_sim.v:0$215'.
  created direct connection (no actual register cell created).
Creating register for signal `\DPR16X4C.$memwr$\ram$/usr/bin/../share/yosys/ecp5/cells_sim.v:281$189_EN' using process `\DPR16X4C.$proc$/usr/bin/../share/yosys/ecp5/cells_sim.v:0$215'.
  created direct connection (no actual register cell created).
Creating register for signal `\DPR16X4C.$memwr$\ram$/usr/bin/../share/yosys/ecp5/cells_sim.v:281$190_EN' using process `\DPR16X4C.$proc$/usr/bin/../share/yosys/ecp5/cells_sim.v:0$215'.
  created direct connection (no actual register cell created).
Creating register for signal `\DPR16X4C.$memwr$\ram$/usr/bin/../share/yosys/ecp5/cells_sim.v:287$191_ADDR' using process `\DPR16X4C.$proc$/usr/bin/../share/yosys/ecp5/cells_sim.v:285$192'.
  created $dff cell `$procdff$264' with positive edge clock.
Creating register for signal `\DPR16X4C.$memwr$\ram$/usr/bin/../share/yosys/ecp5/cells_sim.v:287$191_DATA' using process `\DPR16X4C.$proc$/usr/bin/../share/yosys/ecp5/cells_sim.v:285$192'.
  created $dff cell `$procdff$265' with positive edge clock.
Creating register for signal `\DPR16X4C.$memwr$\ram$/usr/bin/../share/yosys/ecp5/cells_sim.v:287$191_EN' using process `\DPR16X4C.$proc$/usr/bin/../share/yosys/ecp5/cells_sim.v:285$192'.
  created $dff cell `$procdff$266' with positive edge clock.
Creating register for signal `\TRELLIS_DPR16X4.\i' using process `\TRELLIS_DPR16X4.$proc$/usr/bin/../share/yosys/ecp5/cells_sim.v:0$158'.
  created direct connection (no actual register cell created).
Creating register for signal `\TRELLIS_DPR16X4.$memwr$\mem$/usr/bin/../share/yosys/ecp5/cells_sim.v:207$116_EN' using process `\TRELLIS_DPR16X4.$proc$/usr/bin/../share/yosys/ecp5/cells_sim.v:0$158'.
  created direct connection (no actual register cell created).
Creating register for signal `\TRELLIS_DPR16X4.$memwr$\mem$/usr/bin/../share/yosys/ecp5/cells_sim.v:207$117_EN' using process `\TRELLIS_DPR16X4.$proc$/usr/bin/../share/yosys/ecp5/cells_sim.v:0$158'.
  created direct connection (no actual register cell created).
Creating register for signal `\TRELLIS_DPR16X4.$memwr$\mem$/usr/bin/../share/yosys/ecp5/cells_sim.v:207$118_EN' using process `\TRELLIS_DPR16X4.$proc$/usr/bin/../share/yosys/ecp5/cells_sim.v:0$158'.
  created direct connection (no actual register cell created).
Creating register for signal `\TRELLIS_DPR16X4.$memwr$\mem$/usr/bin/../share/yosys/ecp5/cells_sim.v:207$119_EN' using process `\TRELLIS_DPR16X4.$proc$/usr/bin/../share/yosys/ecp5/cells_sim.v:0$158'.
  created direct connection (no actual register cell created).
Creating register for signal `\TRELLIS_DPR16X4.$memwr$\mem$/usr/bin/../share/yosys/ecp5/cells_sim.v:207$120_EN' using process `\TRELLIS_DPR16X4.$proc$/usr/bin/../share/yosys/ecp5/cells_sim.v:0$158'.
  created direct connection (no actual register cell created).
Creating register for signal `\TRELLIS_DPR16X4.$memwr$\mem$/usr/bin/../share/yosys/ecp5/cells_sim.v:207$121_EN' using process `\TRELLIS_DPR16X4.$proc$/usr/bin/../share/yosys/ecp5/cells_sim.v:0$158'.
  created direct connection (no actual register cell created).
Creating register for signal `\TRELLIS_DPR16X4.$memwr$\mem$/usr/bin/../share/yosys/ecp5/cells_sim.v:207$122_EN' using process `\TRELLIS_DPR16X4.$proc$/usr/bin/../share/yosys/ecp5/cells_sim.v:0$158'.
  created direct connection (no actual register cell created).
Creating register for signal `\TRELLIS_DPR16X4.$memwr$\mem$/usr/bin/../share/yosys/ecp5/cells_sim.v:207$123_EN' using process `\TRELLIS_DPR16X4.$proc$/usr/bin/../share/yosys/ecp5/cells_sim.v:0$158'.
  created direct connection (no actual register cell created).
Creating register for signal `\TRELLIS_DPR16X4.$memwr$\mem$/usr/bin/../share/yosys/ecp5/cells_sim.v:207$124_EN' using process `\TRELLIS_DPR16X4.$proc$/usr/bin/../share/yosys/ecp5/cells_sim.v:0$158'.
  created direct connection (no actual register cell created).
Creating register for signal `\TRELLIS_DPR16X4.$memwr$\mem$/usr/bin/../share/yosys/ecp5/cells_sim.v:207$125_EN' using process `\TRELLIS_DPR16X4.$proc$/usr/bin/../share/yosys/ecp5/cells_sim.v:0$158'.
  created direct connection (no actual register cell created).
Creating register for signal `\TRELLIS_DPR16X4.$memwr$\mem$/usr/bin/../share/yosys/ecp5/cells_sim.v:207$126_EN' using process `\TRELLIS_DPR16X4.$proc$/usr/bin/../share/yosys/ecp5/cells_sim.v:0$158'.
  created direct connection (no actual register cell created).
Creating register for signal `\TRELLIS_DPR16X4.$memwr$\mem$/usr/bin/../share/yosys/ecp5/cells_sim.v:207$127_EN' using process `\TRELLIS_DPR16X4.$proc$/usr/bin/../share/yosys/ecp5/cells_sim.v:0$158'.
  created direct connection (no actual register cell created).
Creating register for signal `\TRELLIS_DPR16X4.$memwr$\mem$/usr/bin/../share/yosys/ecp5/cells_sim.v:207$128_EN' using process `\TRELLIS_DPR16X4.$proc$/usr/bin/../share/yosys/ecp5/cells_sim.v:0$158'.
  created direct connection (no actual register cell created).
Creating register for signal `\TRELLIS_DPR16X4.$memwr$\mem$/usr/bin/../share/yosys/ecp5/cells_sim.v:207$129_EN' using process `\TRELLIS_DPR16X4.$proc$/usr/bin/../share/yosys/ecp5/cells_sim.v:0$158'.
  created direct connection (no actual register cell created).
Creating register for signal `\TRELLIS_DPR16X4.$memwr$\mem$/usr/bin/../share/yosys/ecp5/cells_sim.v:207$130_EN' using process `\TRELLIS_DPR16X4.$proc$/usr/bin/../share/yosys/ecp5/cells_sim.v:0$158'.
  created direct connection (no actual register cell created).
Creating register for signal `\TRELLIS_DPR16X4.$memwr$\mem$/usr/bin/../share/yosys/ecp5/cells_sim.v:207$131_EN' using process `\TRELLIS_DPR16X4.$proc$/usr/bin/../share/yosys/ecp5/cells_sim.v:0$158'.
  created direct connection (no actual register cell created).
Creating register for signal `\TRELLIS_DPR16X4.$memwr$\mem$/usr/bin/../share/yosys/ecp5/cells_sim.v:223$132_ADDR' using process `\TRELLIS_DPR16X4.$proc$/usr/bin/../share/yosys/ecp5/cells_sim.v:221$134'.
  created $dff cell `$procdff$267' with positive edge clock.
Creating register for signal `\TRELLIS_DPR16X4.$memwr$\mem$/usr/bin/../share/yosys/ecp5/cells_sim.v:223$132_DATA' using process `\TRELLIS_DPR16X4.$proc$/usr/bin/../share/yosys/ecp5/cells_sim.v:221$134'.
  created $dff cell `$procdff$268' with positive edge clock.
Creating register for signal `\TRELLIS_DPR16X4.$memwr$\mem$/usr/bin/../share/yosys/ecp5/cells_sim.v:223$132_EN' using process `\TRELLIS_DPR16X4.$proc$/usr/bin/../share/yosys/ecp5/cells_sim.v:221$134'.
  created $dff cell `$procdff$269' with positive edge clock.
Creating register for signal `\TRELLIS_DPR16X4.\muxwre' using process `\TRELLIS_DPR16X4.$proc$/usr/bin/../share/yosys/ecp5/cells_sim.v:213$133'.
  created direct connection (no actual register cell created).
Creating register for signal `\system_controlM.\last_val' using process `\system_controlM.$proc$hdl/Main.topEntity/system_controlM.v:29$2'.
  created $adff cell `$procdff$270' with positive edge clock and positive level reset.

8.4.9. Executing PROC_MEMWR pass (convert process memory writes to cells).

8.4.10. Executing PROC_CLEAN pass (remove empty switches from decision trees).
Removing empty process `TRELLIS_FF.$proc$/usr/bin/../share/yosys/ecp5/cells_sim.v:0$237'.
Found and cleaned up 2 empty switches in `\TRELLIS_FF.$proc$/usr/bin/../share/yosys/ecp5/cells_sim.v:350$233'.
Removing empty process `TRELLIS_FF.$proc$/usr/bin/../share/yosys/ecp5/cells_sim.v:350$233'.
Removing empty process `DPR16X4C.$proc$/usr/bin/../share/yosys/ecp5/cells_sim.v:0$215'.
Found and cleaned up 1 empty switch in `\DPR16X4C.$proc$/usr/bin/../share/yosys/ecp5/cells_sim.v:285$192'.
Removing empty process `TRELLIS_DPR16X4.$proc$/usr/bin/../share/yosys/ecp5/cells_sim.v:0$158'.
Found and cleaned up 1 empty switch in `\TRELLIS_DPR16X4.$proc$/usr/bin/../share/yosys/ecp5/cells_sim.v:221$134'.
Removing empty process `TRELLIS_DPR16X4.$proc$/usr/bin/../share/yosys/ecp5/cells_sim.v:213$133'.
Removing empty process `system_controlM.$proc$hdl/Main.topEntity/system_controlM.v:18$3'.
Found and cleaned up 1 empty switch in `\system_controlM.$proc$hdl/Main.topEntity/system_controlM.v:29$2'.
Removing empty process `system_controlM.$proc$hdl/Main.topEntity/system_controlM.v:29$2'.
Cleaned up 5 empty switches.

8.4.11. Executing OPT_EXPR pass (perform const folding).
Optimizing module system_system.
Optimizing module system_routerM.
<suppressed ~1 debug messages>
Optimizing module system_onOddM.
<suppressed ~1 debug messages>
Optimizing module system_onEvenM.
<suppressed ~1 debug messages>
Optimizing module system_mergerM.
Optimizing module system_controlM.
Optimizing module system.

8.5. Executing TRIBUF pass.

8.6. Executing DEMINOUT pass (demote inout ports to input or output).

8.7. Executing OPT_EXPR pass (perform const folding).
Optimizing module system_system.
Optimizing module system_routerM.
Optimizing module system_onOddM.
Optimizing module system_onEvenM.
Optimizing module system_mergerM.
Optimizing module system_controlM.
Optimizing module system.

8.8. Executing OPT_CLEAN pass (remove unused cells and wires).
Finding unused cells or wires in module \system_system..
Finding unused cells or wires in module \system_routerM..
Finding unused cells or wires in module \system_onOddM..
Finding unused cells or wires in module \system_onEvenM..
Finding unused cells or wires in module \system_mergerM..
Finding unused cells or wires in module \system_controlM..
Finding unused cells or wires in module \system..
Removed 0 unused cells and 13 unused wires.
<suppressed ~5 debug messages>

8.9. Executing CHECK pass (checking for obvious problems).
Checking module system...
Checking module system_controlM...
Checking module system_mergerM...
Checking module system_onEvenM...
Checking module system_onOddM...
Checking module system_routerM...
Checking module system_system...
Found and reported 0 problems.

8.10. Executing OPT pass (performing simple optimizations).

8.10.1. Executing OPT_EXPR pass (perform const folding).
Optimizing module system.
Optimizing module system_controlM.
Optimizing module system_mergerM.
Optimizing module system_onEvenM.
Optimizing module system_onOddM.
Optimizing module system_routerM.
Optimizing module system_system.

8.10.2. Executing OPT_MERGE pass (detect identical cells).
Finding identical cells in module `\system'.
Finding identical cells in module `\system_controlM'.
Finding identical cells in module `\system_mergerM'.
Finding identical cells in module `\system_onEvenM'.
Finding identical cells in module `\system_onOddM'.
Finding identical cells in module `\system_routerM'.
Finding identical cells in module `\system_system'.
Removed a total of 0 cells.

8.10.3. Executing OPT_MUXTREE pass (detect dead branches in mux trees).
Running muxtree optimizer on module \system..
  Creating internal representation of mux trees.
  No muxes found in this module.
Running muxtree optimizer on module \system_controlM..
  Creating internal representation of mux trees.
  Evaluating internal representation of mux trees.
  Analyzing evaluation results.
Running muxtree optimizer on module \system_mergerM..
  Creating internal representation of mux trees.
  Evaluating internal representation of mux trees.
  Analyzing evaluation results.
Running muxtree optimizer on module \system_onEvenM..
  Creating internal representation of mux trees.
  Evaluating internal representation of mux trees.
  Analyzing evaluation results.
Running muxtree optimizer on module \system_onOddM..
  Creating internal representation of mux trees.
  Evaluating internal representation of mux trees.
  Analyzing evaluation results.
Running muxtree optimizer on module \system_routerM..
  Creating internal representation of mux trees.
  Evaluating internal representation of mux trees.
      Replacing known input bits on port A of cell $ternary$hdl/Main.topEntity/system_routerM.v:25$12: { 1'1 \eta } -> { 1'1 \eta [15:1] 1'0 }
      Replacing known input bits on port B of cell $ternary$hdl/Main.topEntity/system_routerM.v:27$13: { 1'1 \eta } -> { 1'1 \eta [15:1] 1'1 }
  Analyzing evaluation results.
Running muxtree optimizer on module \system_system..
  Creating internal representation of mux trees.
  No muxes found in this module.
Removed 0 multiplexer ports.
<suppressed ~6 debug messages>

8.10.4. Executing OPT_REDUCE pass (consolidate $*mux and $reduce_* inputs).
  Optimizing cells in module \system.
  Optimizing cells in module \system_controlM.
  Optimizing cells in module \system_mergerM.
  Optimizing cells in module \system_onEvenM.
  Optimizing cells in module \system_onOddM.
  Optimizing cells in module \system_routerM.
  Optimizing cells in module \system_system.
Performed a total of 0 changes.

8.10.5. Executing OPT_MERGE pass (detect identical cells).
Finding identical cells in module `\system'.
Finding identical cells in module `\system_controlM'.
Finding identical cells in module `\system_mergerM'.
Finding identical cells in module `\system_onEvenM'.
Finding identical cells in module `\system_onOddM'.
Finding identical cells in module `\system_routerM'.
Finding identical cells in module `\system_system'.
Removed a total of 0 cells.

8.10.6. Executing OPT_DFF pass (perform DFF optimizations).

8.10.7. Executing OPT_CLEAN pass (remove unused cells and wires).
Finding unused cells or wires in module \system..
Finding unused cells or wires in module \system_controlM..
Finding unused cells or wires in module \system_mergerM..
Finding unused cells or wires in module \system_onEvenM..
Finding unused cells or wires in module \system_onOddM..
Finding unused cells or wires in module \system_routerM..
Finding unused cells or wires in module \system_system..

8.10.8. Executing OPT_EXPR pass (perform const folding).
Optimizing module system.
Optimizing module system_controlM.
Optimizing module system_mergerM.
Optimizing module system_onEvenM.
Optimizing module system_onOddM.
Optimizing module system_routerM.
Optimizing module system_system.

8.10.9. Finished OPT passes. (There is nothing left to do.)

8.11. Executing FSM pass (extract and optimize FSM).

8.11.1. Executing FSM_DETECT pass (finding FSMs in design).

8.11.2. Executing FSM_EXTRACT pass (extracting FSM from design).

8.11.3. Executing FSM_OPT pass (simple optimizations of FSMs).

8.11.4. Executing OPT_CLEAN pass (remove unused cells and wires).
Finding unused cells or wires in module \system..
Finding unused cells or wires in module \system_controlM..
Finding unused cells or wires in module \system_mergerM..
Finding unused cells or wires in module \system_onEvenM..
Finding unused cells or wires in module \system_onOddM..
Finding unused cells or wires in module \system_routerM..
Finding unused cells or wires in module \system_system..

8.11.5. Executing FSM_OPT pass (simple optimizations of FSMs).

8.11.6. Executing FSM_RECODE pass (re-assigning FSM state encoding).

8.11.7. Executing FSM_INFO pass (dumping all available information on FSM cells).

8.11.8. Executing FSM_MAP pass (mapping FSMs to basic logic).

8.12. Executing OPT pass (performing simple optimizations).

8.12.1. Executing OPT_EXPR pass (perform const folding).
Optimizing module system.
Optimizing module system_controlM.
Optimizing module system_mergerM.
Optimizing module system_onEvenM.
Optimizing module system_onOddM.
Optimizing module system_routerM.
Optimizing module system_system.

8.12.2. Executing OPT_MERGE pass (detect identical cells).
Finding identical cells in module `\system'.
Finding identical cells in module `\system_controlM'.
Finding identical cells in module `\system_mergerM'.
Finding identical cells in module `\system_onEvenM'.
Finding identical cells in module `\system_onOddM'.
Finding identical cells in module `\system_routerM'.
Finding identical cells in module `\system_system'.
Removed a total of 0 cells.

8.12.3. Executing OPT_MUXTREE pass (detect dead branches in mux trees).
Running muxtree optimizer on module \system..
  Creating internal representation of mux trees.
  No muxes found in this module.
Running muxtree optimizer on module \system_controlM..
  Creating internal representation of mux trees.
  Evaluating internal representation of mux trees.
  Analyzing evaluation results.
Running muxtree optimizer on module \system_mergerM..
  Creating internal representation of mux trees.
  Evaluating internal representation of mux trees.
  Analyzing evaluation results.
Running muxtree optimizer on module \system_onEvenM..
  Creating internal representation of mux trees.
  Evaluating internal representation of mux trees.
  Analyzing evaluation results.
Running muxtree optimizer on module \system_onOddM..
  Creating internal representation of mux trees.
  Evaluating internal representation of mux trees.
  Analyzing evaluation results.
Running muxtree optimizer on module \system_routerM..
  Creating internal representation of mux trees.
  Evaluating internal representation of mux trees.
  Analyzing evaluation results.
Running muxtree optimizer on module \system_system..
  Creating internal representation of mux trees.
  No muxes found in this module.
Removed 0 multiplexer ports.
<suppressed ~6 debug messages>

8.12.4. Executing OPT_REDUCE pass (consolidate $*mux and $reduce_* inputs).
  Optimizing cells in module \system.
  Optimizing cells in module \system_controlM.
  Optimizing cells in module \system_mergerM.
  Optimizing cells in module \system_onEvenM.
  Optimizing cells in module \system_onOddM.
  Optimizing cells in module \system_routerM.
  Optimizing cells in module \system_system.
Performed a total of 0 changes.

8.12.5. Executing OPT_MERGE pass (detect identical cells).
Finding identical cells in module `\system'.
Finding identical cells in module `\system_controlM'.
Finding identical cells in module `\system_mergerM'.
Finding identical cells in module `\system_onEvenM'.
Finding identical cells in module `\system_onOddM'.
Finding identical cells in module `\system_routerM'.
Finding identical cells in module `\system_system'.
Removed a total of 0 cells.

8.12.6. Executing OPT_DFF pass (perform DFF optimizations).
Adding EN signal on $procdff$270 ($adff) from module system_controlM (D = \c$ds_app_arg, Q = \last_val).

8.12.7. Executing OPT_CLEAN pass (remove unused cells and wires).
Finding unused cells or wires in module \system..
Finding unused cells or wires in module \system_controlM..
Finding unused cells or wires in module \system_mergerM..
Finding unused cells or wires in module \system_onEvenM..
Finding unused cells or wires in module \system_onOddM..
Finding unused cells or wires in module \system_routerM..
Finding unused cells or wires in module \system_system..
Removed 1 unused cells and 1 unused wires.
<suppressed ~2 debug messages>

8.12.8. Executing OPT_EXPR pass (perform const folding).
Optimizing module system.
Optimizing module system_controlM.
Optimizing module system_mergerM.
Optimizing module system_onEvenM.
Optimizing module system_onOddM.
Optimizing module system_routerM.
Optimizing module system_system.

8.12.9. Rerunning OPT passes. (Maybe there is more to do..)

8.12.10. Executing OPT_MUXTREE pass (detect dead branches in mux trees).
Running muxtree optimizer on module \system..
  Creating internal representation of mux trees.
  No muxes found in this module.
Running muxtree optimizer on module \system_controlM..
  Creating internal representation of mux trees.
  Evaluating internal representation of mux trees.
  Analyzing evaluation results.
Running muxtree optimizer on module \system_mergerM..
  Creating internal representation of mux trees.
  Evaluating internal representation of mux trees.
  Analyzing evaluation results.
Running muxtree optimizer on module \system_onEvenM..
  Creating internal representation of mux trees.
  Evaluating internal representation of mux trees.
  Analyzing evaluation results.
Running muxtree optimizer on module \system_onOddM..
  Creating internal representation of mux trees.
  Evaluating internal representation of mux trees.
  Analyzing evaluation results.
Running muxtree optimizer on module \system_routerM..
  Creating internal representation of mux trees.
  Evaluating internal representation of mux trees.
  Analyzing evaluation results.
Running muxtree optimizer on module \system_system..
  Creating internal representation of mux trees.
  No muxes found in this module.
Removed 0 multiplexer ports.
<suppressed ~6 debug messages>

8.12.11. Executing OPT_REDUCE pass (consolidate $*mux and $reduce_* inputs).
  Optimizing cells in module \system.
  Optimizing cells in module \system_controlM.
  Optimizing cells in module \system_mergerM.
  Optimizing cells in module \system_onEvenM.
  Optimizing cells in module \system_onOddM.
  Optimizing cells in module \system_routerM.
  Optimizing cells in module \system_system.
Performed a total of 0 changes.

8.12.12. Executing OPT_MERGE pass (detect identical cells).
Finding identical cells in module `\system'.
Finding identical cells in module `\system_controlM'.
Finding identical cells in module `\system_mergerM'.
Finding identical cells in module `\system_onEvenM'.
Finding identical cells in module `\system_onOddM'.
Finding identical cells in module `\system_routerM'.
Finding identical cells in module `\system_system'.
Removed a total of 0 cells.

8.12.13. Executing OPT_DFF pass (perform DFF optimizations).

8.12.14. Executing OPT_CLEAN pass (remove unused cells and wires).
Finding unused cells or wires in module \system..
Finding unused cells or wires in module \system_controlM..
Finding unused cells or wires in module \system_mergerM..
Finding unused cells or wires in module \system_onEvenM..
Finding unused cells or wires in module \system_onOddM..
Finding unused cells or wires in module \system_routerM..
Finding unused cells or wires in module \system_system..

8.12.15. Executing OPT_EXPR pass (perform const folding).
Optimizing module system.
Optimizing module system_controlM.
Optimizing module system_mergerM.
Optimizing module system_onEvenM.
Optimizing module system_onOddM.
Optimizing module system_routerM.
Optimizing module system_system.

8.12.16. Finished OPT passes. (There is nothing left to do.)

8.13. Executing WREDUCE pass (reducing word size of cells).
Removed top 15 bits (of 16) from port B of cell system_onOddM.$add$hdl/Main.topEntity/system_onOddM.v:22$10 ($add).

8.14. Executing PEEPOPT pass (run peephole optimizers).

8.15. Executing OPT_CLEAN pass (remove unused cells and wires).
Finding unused cells or wires in module \system..
Finding unused cells or wires in module \system_controlM..
Finding unused cells or wires in module \system_mergerM..
Finding unused cells or wires in module \system_onEvenM..
Finding unused cells or wires in module \system_onOddM..
Finding unused cells or wires in module \system_routerM..
Finding unused cells or wires in module \system_system..

8.16. Executing SHARE pass (SAT-based resource sharing).

8.17. Executing TECHMAP pass (map to technology primitives).

8.17.1. Executing Verilog-2005 frontend: /usr/bin/../share/yosys/cmp2lut.v
Parsing Verilog input from `/usr/bin/../share/yosys/cmp2lut.v' to AST representation.
Generating RTLIL representation for module `\_90_lut_cmp_'.
Successfully finished Verilog frontend.

8.17.2. Continuing TECHMAP pass.
No more expansions possible.
<suppressed ~6 debug messages>

8.18. Executing OPT_EXPR pass (perform const folding).
Optimizing module system.
Optimizing module system_controlM.
Optimizing module system_mergerM.
Optimizing module system_onEvenM.
Optimizing module system_onOddM.
Optimizing module system_routerM.
Optimizing module system_system.

8.19. Executing OPT_CLEAN pass (remove unused cells and wires).
Finding unused cells or wires in module \system..
Finding unused cells or wires in module \system_controlM..
Finding unused cells or wires in module \system_mergerM..
Finding unused cells or wires in module \system_onEvenM..
Finding unused cells or wires in module \system_onOddM..
Finding unused cells or wires in module \system_routerM..
Finding unused cells or wires in module \system_system..

8.20. Executing ALUMACC pass (create $alu and $macc cells).
Extracting $alu and $macc cells in module system:
  created 0 $alu and 0 $macc cells.
Extracting $alu and $macc cells in module system_controlM:
  created 0 $alu and 0 $macc cells.
Extracting $alu and $macc cells in module system_mergerM:
  created 0 $alu and 0 $macc cells.
Extracting $alu and $macc cells in module system_onEvenM:
  created 0 $alu and 0 $macc cells.
Extracting $alu and $macc cells in module system_onOddM:
  creating $macc model for $add$hdl/Main.topEntity/system_onOddM.v:22$10 ($add).
  creating $macc model for $add$hdl/Main.topEntity/system_onOddM.v:22$9 ($add).
  merging $macc model for $add$hdl/Main.topEntity/system_onOddM.v:22$9 into $add$hdl/Main.topEntity/system_onOddM.v:22$10.
  creating $alu model for $macc $add$hdl/Main.topEntity/system_onOddM.v:22$10.
  creating $alu cell for $add$hdl/Main.topEntity/system_onOddM.v:22$10: $auto$alumacc.cc:485:replace_alu$273
  created 1 $alu and 0 $macc cells.
Extracting $alu and $macc cells in module system_routerM:
  created 0 $alu and 0 $macc cells.
Extracting $alu and $macc cells in module system_system:
  created 0 $alu and 0 $macc cells.

8.21. Executing OPT pass (performing simple optimizations).

8.21.1. Executing OPT_EXPR pass (perform const folding).
Optimizing module system.
Optimizing module system_controlM.
Optimizing module system_mergerM.
Optimizing module system_onEvenM.
Optimizing module system_onOddM.
Optimizing module system_routerM.
Optimizing module system_system.

8.21.2. Executing OPT_MERGE pass (detect identical cells).
Finding identical cells in module `\system'.
Finding identical cells in module `\system_controlM'.
Finding identical cells in module `\system_mergerM'.
Finding identical cells in module `\system_onEvenM'.
Finding identical cells in module `\system_onOddM'.
Finding identical cells in module `\system_routerM'.
Finding identical cells in module `\system_system'.
Removed a total of 0 cells.

8.21.3. Executing OPT_MUXTREE pass (detect dead branches in mux trees).
Running muxtree optimizer on module \system..
  Creating internal representation of mux trees.
  No muxes found in this module.
Running muxtree optimizer on module \system_controlM..
  Creating internal representation of mux trees.
  Evaluating internal representation of mux trees.
  Analyzing evaluation results.
Running muxtree optimizer on module \system_mergerM..
  Creating internal representation of mux trees.
  Evaluating internal representation of mux trees.
  Analyzing evaluation results.
Running muxtree optimizer on module \system_onEvenM..
  Creating internal representation of mux trees.
  Evaluating internal representation of mux trees.
  Analyzing evaluation results.
Running muxtree optimizer on module \system_onOddM..
  Creating internal representation of mux trees.
  Evaluating internal representation of mux trees.
  Analyzing evaluation results.
Running muxtree optimizer on module \system_routerM..
  Creating internal representation of mux trees.
  Evaluating internal representation of mux trees.
  Analyzing evaluation results.
Running muxtree optimizer on module \system_system..
  Creating internal representation of mux trees.
  No muxes found in this module.
Removed 0 multiplexer ports.
<suppressed ~6 debug messages>

8.21.4. Executing OPT_REDUCE pass (consolidate $*mux and $reduce_* inputs).
  Optimizing cells in module \system.
  Optimizing cells in module \system_controlM.
  Optimizing cells in module \system_mergerM.
  Optimizing cells in module \system_onEvenM.
  Optimizing cells in module \system_onOddM.
  Optimizing cells in module \system_routerM.
  Optimizing cells in module \system_system.
Performed a total of 0 changes.

8.21.5. Executing OPT_MERGE pass (detect identical cells).
Finding identical cells in module `\system'.
Finding identical cells in module `\system_controlM'.
Finding identical cells in module `\system_mergerM'.
Finding identical cells in module `\system_onEvenM'.
Finding identical cells in module `\system_onOddM'.
Finding identical cells in module `\system_routerM'.
Finding identical cells in module `\system_system'.
Removed a total of 0 cells.

8.21.6. Executing OPT_DFF pass (perform DFF optimizations).

8.21.7. Executing OPT_CLEAN pass (remove unused cells and wires).
Finding unused cells or wires in module \system..
Finding unused cells or wires in module \system_controlM..
Finding unused cells or wires in module \system_mergerM..
Finding unused cells or wires in module \system_onEvenM..
Finding unused cells or wires in module \system_onOddM..
Finding unused cells or wires in module \system_routerM..
Finding unused cells or wires in module \system_system..
Removed 1 unused cells and 1 unused wires.
<suppressed ~2 debug messages>

8.21.8. Executing OPT_EXPR pass (perform const folding).
Optimizing module system.
Optimizing module system_controlM.
Optimizing module system_mergerM.
Optimizing module system_onEvenM.
Optimizing module system_onOddM.
Optimizing module system_routerM.
Optimizing module system_system.

8.21.9. Rerunning OPT passes. (Maybe there is more to do..)

8.21.10. Executing OPT_MUXTREE pass (detect dead branches in mux trees).
Running muxtree optimizer on module \system..
  Creating internal representation of mux trees.
  No muxes found in this module.
Running muxtree optimizer on module \system_controlM..
  Creating internal representation of mux trees.
  Evaluating internal representation of mux trees.
  Analyzing evaluation results.
Running muxtree optimizer on module \system_mergerM..
  Creating internal representation of mux trees.
  Evaluating internal representation of mux trees.
  Analyzing evaluation results.
Running muxtree optimizer on module \system_onEvenM..
  Creating internal representation of mux trees.
  Evaluating internal representation of mux trees.
  Analyzing evaluation results.
Running muxtree optimizer on module \system_onOddM..
  Creating internal representation of mux trees.
  Evaluating internal representation of mux trees.
  Analyzing evaluation results.
Running muxtree optimizer on module \system_routerM..
  Creating internal representation of mux trees.
  Evaluating internal representation of mux trees.
  Analyzing evaluation results.
Running muxtree optimizer on module \system_system..
  Creating internal representation of mux trees.
  No muxes found in this module.
Removed 0 multiplexer ports.
<suppressed ~6 debug messages>

8.21.11. Executing OPT_REDUCE pass (consolidate $*mux and $reduce_* inputs).
  Optimizing cells in module \system.
  Optimizing cells in module \system_controlM.
  Optimizing cells in module \system_mergerM.
  Optimizing cells in module \system_onEvenM.
  Optimizing cells in module \system_onOddM.
  Optimizing cells in module \system_routerM.
  Optimizing cells in module \system_system.
Performed a total of 0 changes.

8.21.12. Executing OPT_MERGE pass (detect identical cells).
Finding identical cells in module `\system'.
Finding identical cells in module `\system_controlM'.
Finding identical cells in module `\system_mergerM'.
Finding identical cells in module `\system_onEvenM'.
Finding identical cells in module `\system_onOddM'.
Finding identical cells in module `\system_routerM'.
Finding identical cells in module `\system_system'.
Removed a total of 0 cells.

8.21.13. Executing OPT_DFF pass (perform DFF optimizations).

8.21.14. Executing OPT_CLEAN pass (remove unused cells and wires).
Finding unused cells or wires in module \system..
Finding unused cells or wires in module \system_controlM..
Finding unused cells or wires in module \system_mergerM..
Finding unused cells or wires in module \system_onEvenM..
Finding unused cells or wires in module \system_onOddM..
Finding unused cells or wires in module \system_routerM..
Finding unused cells or wires in module \system_system..

8.21.15. Executing OPT_EXPR pass (perform const folding).
Optimizing module system.
Optimizing module system_controlM.
Optimizing module system_mergerM.
Optimizing module system_onEvenM.
Optimizing module system_onOddM.
Optimizing module system_routerM.
Optimizing module system_system.

8.21.16. Finished OPT passes. (There is nothing left to do.)

8.22. Executing MEMORY pass.

8.22.1. Executing OPT_MEM pass (optimize memories).
Performed a total of 0 transformations.

8.22.2. Executing OPT_MEM_PRIORITY pass (removing unnecessary memory write priority relations).
Performed a total of 0 transformations.

8.22.3. Executing OPT_MEM_FEEDBACK pass (finding memory read-to-write feedback paths).

8.22.4. Executing MEMORY_DFF pass (merging $dff cells to $memrd).

8.22.5. Executing OPT_CLEAN pass (remove unused cells and wires).
Finding unused cells or wires in module \system..
Finding unused cells or wires in module \system_controlM..
Finding unused cells or wires in module \system_mergerM..
Finding unused cells or wires in module \system_onEvenM..
Finding unused cells or wires in module \system_onOddM..
Finding unused cells or wires in module \system_routerM..
Finding unused cells or wires in module \system_system..

8.22.6. Executing MEMORY_SHARE pass (consolidating $memrd/$memwr cells).

8.22.7. Executing OPT_MEM_WIDEN pass (optimize memories where all ports are wide).
Performed a total of 0 transformations.

8.22.8. Executing OPT_CLEAN pass (remove unused cells and wires).
Finding unused cells or wires in module \system..
Finding unused cells or wires in module \system_controlM..
Finding unused cells or wires in module \system_mergerM..
Finding unused cells or wires in module \system_onEvenM..
Finding unused cells or wires in module \system_onOddM..
Finding unused cells or wires in module \system_routerM..
Finding unused cells or wires in module \system_system..

8.22.9. Executing MEMORY_COLLECT pass (generating $mem cells).

8.23. Executing OPT_CLEAN pass (remove unused cells and wires).
Finding unused cells or wires in module \system..
Finding unused cells or wires in module \system_controlM..
Finding unused cells or wires in module \system_mergerM..
Finding unused cells or wires in module \system_onEvenM..
Finding unused cells or wires in module \system_onOddM..
Finding unused cells or wires in module \system_routerM..
Finding unused cells or wires in module \system_system..

8.24. Executing OPT pass (performing simple optimizations).

8.24.1. Executing OPT_EXPR pass (perform const folding).
Optimizing module system.
Optimizing module system_controlM.
Optimizing module system_mergerM.
Optimizing module system_onEvenM.
Optimizing module system_onOddM.
Optimizing module system_routerM.
Optimizing module system_system.

8.24.2. Executing OPT_MERGE pass (detect identical cells).
Finding identical cells in module `\system'.
Finding identical cells in module `\system_controlM'.
Finding identical cells in module `\system_mergerM'.
Finding identical cells in module `\system_onEvenM'.
Finding identical cells in module `\system_onOddM'.
Finding identical cells in module `\system_routerM'.
Finding identical cells in module `\system_system'.
Removed a total of 0 cells.

8.24.3. Executing OPT_DFF pass (perform DFF optimizations).

8.24.4. Executing OPT_CLEAN pass (remove unused cells and wires).
Finding unused cells or wires in module \system..
Finding unused cells or wires in module \system_controlM..
Finding unused cells or wires in module \system_mergerM..
Finding unused cells or wires in module \system_onEvenM..
Finding unused cells or wires in module \system_onOddM..
Finding unused cells or wires in module \system_routerM..
Finding unused cells or wires in module \system_system..

8.24.5. Finished fast OPT passes.

8.25. Executing MEMORY_MAP pass (converting memories to logic and flip-flops).

8.26. Executing OPT pass (performing simple optimizations).

8.26.1. Executing OPT_EXPR pass (perform const folding).
Optimizing module system.
Optimizing module system_controlM.
Optimizing module system_mergerM.
Optimizing module system_onEvenM.
Optimizing module system_onOddM.
Optimizing module system_routerM.
Optimizing module system_system.

8.26.2. Executing OPT_MERGE pass (detect identical cells).
Finding identical cells in module `\system'.
Finding identical cells in module `\system_controlM'.
Finding identical cells in module `\system_mergerM'.
Finding identical cells in module `\system_onEvenM'.
Finding identical cells in module `\system_onOddM'.
Finding identical cells in module `\system_routerM'.
Finding identical cells in module `\system_system'.
Removed a total of 0 cells.

8.26.3. Executing OPT_MUXTREE pass (detect dead branches in mux trees).
Running muxtree optimizer on module \system..
  Creating internal representation of mux trees.
  No muxes found in this module.
Running muxtree optimizer on module \system_controlM..
  Creating internal representation of mux trees.
  Evaluating internal representation of mux trees.
  Analyzing evaluation results.
Running muxtree optimizer on module \system_mergerM..
  Creating internal representation of mux trees.
  Evaluating internal representation of mux trees.
  Analyzing evaluation results.
Running muxtree optimizer on module \system_onEvenM..
  Creating internal representation of mux trees.
  Evaluating internal representation of mux trees.
  Analyzing evaluation results.
Running muxtree optimizer on module \system_onOddM..
  Creating internal representation of mux trees.
  Evaluating internal representation of mux trees.
  Analyzing evaluation results.
Running muxtree optimizer on module \system_routerM..
  Creating internal representation of mux trees.
  Evaluating internal representation of mux trees.
  Analyzing evaluation results.
Running muxtree optimizer on module \system_system..
  Creating internal representation of mux trees.
  No muxes found in this module.
Removed 0 multiplexer ports.
<suppressed ~6 debug messages>

8.26.4. Executing OPT_REDUCE pass (consolidate $*mux and $reduce_* inputs).
  Optimizing cells in module \system.
  Optimizing cells in module \system_controlM.
  Optimizing cells in module \system_mergerM.
  Optimizing cells in module \system_onEvenM.
  Optimizing cells in module \system_onOddM.
  Optimizing cells in module \system_routerM.
  Optimizing cells in module \system_system.
Performed a total of 0 changes.

8.26.5. Executing OPT_MERGE pass (detect identical cells).
Finding identical cells in module `\system'.
Finding identical cells in module `\system_controlM'.
Finding identical cells in module `\system_mergerM'.
Finding identical cells in module `\system_onEvenM'.
Finding identical cells in module `\system_onOddM'.
Finding identical cells in module `\system_routerM'.
Finding identical cells in module `\system_system'.
Removed a total of 0 cells.

8.26.6. Executing OPT_DFF pass (perform DFF optimizations).

8.26.7. Executing OPT_CLEAN pass (remove unused cells and wires).
Finding unused cells or wires in module \system..
Finding unused cells or wires in module \system_controlM..
Finding unused cells or wires in module \system_mergerM..
Finding unused cells or wires in module \system_onEvenM..
Finding unused cells or wires in module \system_onOddM..
Finding unused cells or wires in module \system_routerM..
Finding unused cells or wires in module \system_system..

8.26.8. Executing OPT_EXPR pass (perform const folding).
Optimizing module system.
Optimizing module system_controlM.
Optimizing module system_mergerM.
Optimizing module system_onEvenM.
Optimizing module system_onOddM.
Optimizing module system_routerM.
Optimizing module system_system.

8.26.9. Finished OPT passes. (There is nothing left to do.)

8.27. Executing TECHMAP pass (map to technology primitives).

8.27.1. Executing Verilog-2005 frontend: /usr/bin/../share/yosys/techmap.v
Parsing Verilog input from `/usr/bin/../share/yosys/techmap.v' to AST representation.
Generating RTLIL representation for module `\_90_simplemap_bool_ops'.
Generating RTLIL representation for module `\_90_simplemap_reduce_ops'.
Generating RTLIL representation for module `\_90_simplemap_logic_ops'.
Generating RTLIL representation for module `\_90_simplemap_compare_ops'.
Generating RTLIL representation for module `\_90_simplemap_various'.
Generating RTLIL representation for module `\_90_simplemap_registers'.
Generating RTLIL representation for module `\_90_shift_ops_shr_shl_sshl_sshr'.
Generating RTLIL representation for module `\_90_shift_shiftx'.
Generating RTLIL representation for module `\_90_fa'.
Generating RTLIL representation for module `\_90_lcu'.
Generating RTLIL representation for module `\_90_alu'.
Generating RTLIL representation for module `\_90_macc'.
Generating RTLIL representation for module `\_90_alumacc'.
Generating RTLIL representation for module `\$__div_mod_u'.
Generating RTLIL representation for module `\$__div_mod_trunc'.
Generating RTLIL representation for module `\_90_div'.
Generating RTLIL representation for module `\_90_mod'.
Generating RTLIL representation for module `\$__div_mod_floor'.
Generating RTLIL representation for module `\_90_divfloor'.
Generating RTLIL representation for module `\_90_modfloor'.
Generating RTLIL representation for module `\_90_pow'.
Generating RTLIL representation for module `\_90_pmux'.
Generating RTLIL representation for module `\_90_lut'.
Successfully finished Verilog frontend.

8.27.2. Continuing TECHMAP pass.
Using extmapper simplemap for cells of type $mux.
Using template $paramod$6df0329addda9228fcc2546de2aaf14ad26c98e1\_90_alu for cells of type $alu.
Using extmapper simplemap for cells of type $xor.
Using extmapper simplemap for cells of type $and.
Using template $paramod\_90_lcu\WIDTH=32'00000000000000000000000000010000 for cells of type $lcu.
Using extmapper simplemap for cells of type $pos.
Using extmapper simplemap for cells of type $not.
Using extmapper simplemap for cells of type $or.
Using extmapper simplemap for cells of type $adffe.
No more expansions possible.
<suppressed ~284 debug messages>

8.28. Executing OPT pass (performing simple optimizations).

8.28.1. Executing OPT_EXPR pass (perform const folding).
Optimizing module system.
Optimizing module system_controlM.
Optimizing module system_mergerM.
Optimizing module system_onEvenM.
<suppressed ~1 debug messages>
Optimizing module system_onOddM.
<suppressed ~24 debug messages>
Optimizing module system_routerM.
<suppressed ~1 debug messages>
Optimizing module system_system.

8.28.2. Executing OPT_MERGE pass (detect identical cells).
Finding identical cells in module `\system'.
Finding identical cells in module `\system_controlM'.
Finding identical cells in module `\system_mergerM'.
Finding identical cells in module `\system_onEvenM'.
Finding identical cells in module `\system_onOddM'.
<suppressed ~3 debug messages>
Finding identical cells in module `\system_routerM'.
Finding identical cells in module `\system_system'.
Removed a total of 1 cells.

8.28.3. Executing OPT_DFF pass (perform DFF optimizations).

8.28.4. Executing OPT_CLEAN pass (remove unused cells and wires).
Finding unused cells or wires in module \system..
Finding unused cells or wires in module \system_controlM..
Finding unused cells or wires in module \system_mergerM..
Finding unused cells or wires in module \system_onEvenM..
Finding unused cells or wires in module \system_onOddM..
Finding unused cells or wires in module \system_routerM..
Finding unused cells or wires in module \system_system..
Removed 26 unused cells and 36 unused wires.
<suppressed ~27 debug messages>

8.28.5. Finished fast OPT passes.

8.29. Executing OPT_CLEAN pass (remove unused cells and wires).
Finding unused cells or wires in module \system..
Finding unused cells or wires in module \system_controlM..
Finding unused cells or wires in module \system_mergerM..
Finding unused cells or wires in module \system_onEvenM..
Finding unused cells or wires in module \system_onOddM..
Finding unused cells or wires in module \system_routerM..
Finding unused cells or wires in module \system_system..

8.30. Executing DFFLEGALIZE pass (convert FFs to types supported by the target).

8.31. Executing TECHMAP pass (map to technology primitives).

8.31.1. Executing Verilog-2005 frontend: /usr/bin/../share/yosys/ecp5/cells_map.v
Parsing Verilog input from `/usr/bin/../share/yosys/ecp5/cells_map.v' to AST representation.
Generating RTLIL representation for module `\$_DFF_N_'.
Generating RTLIL representation for module `\$_DFF_P_'.
Generating RTLIL representation for module `\$_DFFE_NN_'.
Generating RTLIL representation for module `\$_DFFE_PN_'.
Generating RTLIL representation for module `\$_DFFE_NP_'.
Generating RTLIL representation for module `\$_DFFE_PP_'.
Generating RTLIL representation for module `\$_DFF_NP0_'.
Generating RTLIL representation for module `\$_DFF_NP1_'.
Generating RTLIL representation for module `\$_DFF_PP0_'.
Generating RTLIL representation for module `\$_DFF_PP1_'.
Generating RTLIL representation for module `\$_SDFF_NP0_'.
Generating RTLIL representation for module `\$_SDFF_NP1_'.
Generating RTLIL representation for module `\$_SDFF_PP0_'.
Generating RTLIL representation for module `\$_SDFF_PP1_'.
Generating RTLIL representation for module `\$_DFFE_NP0P_'.
Generating RTLIL representation for module `\$_DFFE_NP1P_'.
Generating RTLIL representation for module `\$_DFFE_PP0P_'.
Generating RTLIL representation for module `\$_DFFE_PP1P_'.
Generating RTLIL representation for module `\$_DFFE_NP0N_'.
Generating RTLIL representation for module `\$_DFFE_NP1N_'.
Generating RTLIL representation for module `\$_DFFE_PP0N_'.
Generating RTLIL representation for module `\$_DFFE_PP1N_'.
Generating RTLIL representation for module `\$_SDFFE_NP0P_'.
Generating RTLIL representation for module `\$_SDFFE_NP1P_'.
Generating RTLIL representation for module `\$_SDFFE_PP0P_'.
Generating RTLIL representation for module `\$_SDFFE_PP1P_'.
Generating RTLIL representation for module `\$_SDFFE_NP0N_'.
Generating RTLIL representation for module `\$_SDFFE_NP1N_'.
Generating RTLIL representation for module `\$_SDFFE_PP0N_'.
Generating RTLIL representation for module `\$_SDFFE_PP1N_'.
Generating RTLIL representation for module `\FD1P3AX'.
Generating RTLIL representation for module `\FD1P3AY'.
Generating RTLIL representation for module `\FD1P3BX'.
Generating RTLIL representation for module `\FD1P3DX'.
Generating RTLIL representation for module `\FD1P3IX'.
Generating RTLIL representation for module `\FD1P3JX'.
Generating RTLIL representation for module `\FD1S3AX'.
Generating RTLIL representation for module `\FD1S3AY'.
Generating RTLIL representation for module `\FD1S3BX'.
Generating RTLIL representation for module `\FD1S3DX'.
Generating RTLIL representation for module `\FD1S3IX'.
Generating RTLIL representation for module `\FD1S3JX'.
Generating RTLIL representation for module `\IFS1P3BX'.
Generating RTLIL representation for module `\IFS1P3DX'.
Generating RTLIL representation for module `\IFS1P3IX'.
Generating RTLIL representation for module `\IFS1P3JX'.
Generating RTLIL representation for module `\OFS1P3BX'.
Generating RTLIL representation for module `\OFS1P3DX'.
Generating RTLIL representation for module `\OFS1P3IX'.
Generating RTLIL representation for module `\OFS1P3JX'.
Generating RTLIL representation for module `\IB'.
Generating RTLIL representation for module `\IBPU'.
Generating RTLIL representation for module `\IBPD'.
Generating RTLIL representation for module `\OB'.
Generating RTLIL representation for module `\OBZ'.
Generating RTLIL representation for module `\OBZPU'.
Generating RTLIL representation for module `\OBZPD'.
Generating RTLIL representation for module `\OBCO'.
Generating RTLIL representation for module `\BB'.
Generating RTLIL representation for module `\BBPU'.
Generating RTLIL representation for module `\BBPD'.
Generating RTLIL representation for module `\ILVDS'.
Generating RTLIL representation for module `\OLVDS'.
Successfully finished Verilog frontend.

8.31.2. Continuing TECHMAP pass.
Using template \$_DFFE_PP0P_ for cells of type $_DFFE_PP0P_.
No more expansions possible.
<suppressed ~81 debug messages>

8.32. Executing OPT_EXPR pass (perform const folding).
Optimizing module system.
Optimizing module system_controlM.
Optimizing module system_mergerM.
Optimizing module system_onEvenM.
<suppressed ~16 debug messages>
Optimizing module system_onOddM.
<suppressed ~16 debug messages>
Optimizing module system_routerM.
<suppressed ~32 debug messages>
Optimizing module system_system.

8.33. Executing SIMPLEMAP pass (map simple cells to gate primitives).

8.34. Executing ECP5_GSR pass (implement FF init values).
Handling GSR in system.
Handling GSR in system_controlM.
Handling GSR in system_mergerM.
Handling GSR in system_onEvenM.
Handling GSR in system_onOddM.
Handling GSR in system_routerM.
Handling GSR in system_system.

8.35. Executing ATTRMVCP pass (move or copy attributes).

8.36. Executing OPT_CLEAN pass (remove unused cells and wires).
Finding unused cells or wires in module \system..
Finding unused cells or wires in module \system_controlM..
Finding unused cells or wires in module \system_mergerM..
Finding unused cells or wires in module \system_onEvenM..
Finding unused cells or wires in module \system_onOddM..
Finding unused cells or wires in module \system_routerM..
Finding unused cells or wires in module \system_system..
Removed 0 unused cells and 97 unused wires.
<suppressed ~2 debug messages>

8.37. Executing TECHMAP pass (map to technology primitives).

8.37.1. Executing Verilog-2005 frontend: /usr/bin/../share/yosys/ecp5/latches_map.v
Parsing Verilog input from `/usr/bin/../share/yosys/ecp5/latches_map.v' to AST representation.
Generating RTLIL representation for module `\$_DLATCH_N_'.
Generating RTLIL representation for module `\$_DLATCH_P_'.
Successfully finished Verilog frontend.

8.37.2. Continuing TECHMAP pass.
No more expansions possible.
<suppressed ~4 debug messages>

8.38. Executing ABC pass (technology mapping using ABC).

8.38.1. Extracting gate netlist of module `\system' to `<abc-temp-dir>/input.blif'..
Extracted 0 gates and 0 wires to a netlist network with 0 inputs and 0 outputs.
Don't call ABC as there is nothing to map.
Removing temp directory.

8.38.2. Extracting gate netlist of module `\system_controlM' to `<abc-temp-dir>/input.blif'..
Extracted 16 gates and 49 wires to a netlist network with 33 inputs and 16 outputs.

8.38.2.1. Executing ABC.
Running ABC command: abc -s -f <abc-temp-dir>/abc.script 2>&1
ABC: ABC command line: "source <abc-temp-dir>/abc.script".
ABC: 
ABC: + read_blif <abc-temp-dir>/input.blif 
ABC: + read_lut <abc-temp-dir>/lutdefs.txt 
ABC: + strash 
ABC: + ifraig 
ABC: + scorr 
ABC: Warning: The network is combinational (run "fraig" or "fraig_sweep").
ABC: + dc2 
ABC: + dretime 
ABC: + strash 
ABC: + dch -f 
ABC: + if 
ABC: + mfs2 
ABC: + lutpack -S 1 
ABC: + dress 
ABC: Total number of equiv classes                =      17.
ABC: Participating nodes from both networks       =      32.
ABC: Participating nodes from the first network   =      16. (  94.12 % of nodes)
ABC: Participating nodes from the second network  =      16. (  94.12 % of nodes)
ABC: Node pairs (any polarity)                    =      16. (  94.12 % of names can be moved)
ABC: Node pairs (same polarity)                   =      16. (  94.12 % of names can be moved)
ABC: Total runtime =     0.00 sec
ABC: + write_blif <abc-temp-dir>/output.blif 

8.38.2.2. Re-integrating ABC results.
ABC RESULTS:              $lut cells:       16
ABC RESULTS:        internal signals:        0
ABC RESULTS:           input signals:       33
ABC RESULTS:          output signals:       16
Removing temp directory.

8.38.3. Extracting gate netlist of module `\system_mergerM' to `<abc-temp-dir>/input.blif'..
Extracted 32 gates and 67 wires to a netlist network with 34 inputs and 16 outputs.

8.38.3.1. Executing ABC.
Running ABC command: abc -s -f <abc-temp-dir>/abc.script 2>&1
ABC: ABC command line: "source <abc-temp-dir>/abc.script".
ABC: 
ABC: + read_blif <abc-temp-dir>/input.blif 
ABC: + read_lut <abc-temp-dir>/lutdefs.txt 
ABC: + strash 
ABC: + ifraig 
ABC: + scorr 
ABC: Warning: The network is combinational (run "fraig" or "fraig_sweep").
ABC: + dc2 
ABC: + dretime 
ABC: + strash 
ABC: + dch -f 
ABC: + if 
ABC: + mfs2 
ABC: + lutpack -S 1 
ABC: + dress 
ABC: Total number of equiv classes                =      17.
ABC: Participating nodes from both networks       =      33.
ABC: Participating nodes from the first network   =      16. (  94.12 % of nodes)
ABC: Participating nodes from the second network  =      17. ( 100.00 % of nodes)
ABC: Node pairs (any polarity)                    =      16. (  94.12 % of names can be moved)
ABC: Node pairs (same polarity)                   =      16. (  94.12 % of names can be moved)
ABC: Total runtime =     0.00 sec
ABC: + write_blif <abc-temp-dir>/output.blif 

8.38.3.2. Re-integrating ABC results.
ABC RESULTS:              $lut cells:       16
ABC RESULTS:        internal signals:       17
ABC RESULTS:           input signals:       34
ABC RESULTS:          output signals:       16
Removing temp directory.

8.38.4. Extracting gate netlist of module `\system_onEvenM' to `<abc-temp-dir>/input.blif'..
Extracted 0 gates and 0 wires to a netlist network with 0 inputs and 0 outputs.
Don't call ABC as there is nothing to map.
Removing temp directory.

8.38.5. Extracting gate netlist of module `\system_onOddM' to `<abc-temp-dir>/input.blif'..
Extracted 97 gates and 113 wires to a netlist network with 16 inputs and 16 outputs.

8.38.5.1. Executing ABC.
Running ABC command: abc -s -f <abc-temp-dir>/abc.script 2>&1
ABC: ABC command line: "source <abc-temp-dir>/abc.script".
ABC: 
ABC: + read_blif <abc-temp-dir>/input.blif 
ABC: + read_lut <abc-temp-dir>/lutdefs.txt 
ABC: + strash 
ABC: + ifraig 
ABC: + scorr 
ABC: Warning: The network is combinational (run "fraig" or "fraig_sweep").
ABC: + dc2 
ABC: + dretime 
ABC: + strash 
ABC: + dch -f 
ABC: + if 
ABC: + mfs2 
ABC: + lutpack -S 1 
ABC: + dress 
ABC: Total number of equiv classes                =      23.
ABC: Participating nodes from both networks       =      45.
ABC: Participating nodes from the first network   =      22. (  95.65 % of nodes)
ABC: Participating nodes from the second network  =      23. ( 100.00 % of nodes)
ABC: Node pairs (any polarity)                    =      22. (  95.65 % of names can be moved)
ABC: Node pairs (same polarity)                   =      16. (  69.57 % of names can be moved)
ABC: Total runtime =     0.00 sec
ABC: + write_blif <abc-temp-dir>/output.blif 

8.38.5.2. Re-integrating ABC results.
ABC RESULTS:              $lut cells:       22
ABC RESULTS:        internal signals:       81
ABC RESULTS:           input signals:       16
ABC RESULTS:          output signals:       16
Removing temp directory.

8.38.6. Extracting gate netlist of module `\system_routerM' to `<abc-temp-dir>/input.blif'..
Extracted 1 gates and 2 wires to a netlist network with 1 inputs and 1 outputs.

8.38.6.1. Executing ABC.
Running ABC command: abc -s -f <abc-temp-dir>/abc.script 2>&1
ABC: ABC command line: "source <abc-temp-dir>/abc.script".
ABC: 
ABC: + read_blif <abc-temp-dir>/input.blif 
ABC: + read_lut <abc-temp-dir>/lutdefs.txt 
ABC: + strash 
ABC: + ifraig 
ABC: + scorr 
ABC: Warning: The network is combinational (run "fraig" or "fraig_sweep").
ABC: + dc2 
ABC: + dretime 
ABC: + strash 
ABC: + dch -f 
ABC: + if 
ABC: + mfs2 
ABC: + lutpack -S 1 
ABC: + dress 
ABC: Total number of equiv classes                =       2.
ABC: Participating nodes from both networks       =       2.
ABC: Participating nodes from the first network   =       1. (  50.00 % of nodes)
ABC: Participating nodes from the second network  =       1. (  50.00 % of nodes)
ABC: Node pairs (any polarity)                    =       1. (  50.00 % of names can be moved)
ABC: Node pairs (same polarity)                   =       1. (  50.00 % of names can be moved)
ABC: Total runtime =     0.00 sec
ABC: + write_blif <abc-temp-dir>/output.blif 

8.38.6.2. Re-integrating ABC results.
ABC RESULTS:              $lut cells:        1
ABC RESULTS:        internal signals:        0
ABC RESULTS:           input signals:        1
ABC RESULTS:          output signals:        1
Removing temp directory.

8.38.7. Extracting gate netlist of module `\system_system' to `<abc-temp-dir>/input.blif'..
Extracted 0 gates and 0 wires to a netlist network with 0 inputs and 0 outputs.
Don't call ABC as there is nothing to map.
Removing temp directory.
Removed 0 unused cells and 175 unused wires.

8.39. Executing TECHMAP pass (map to technology primitives).

8.39.1. Executing Verilog-2005 frontend: /usr/bin/../share/yosys/ecp5/cells_map.v
Parsing Verilog input from `/usr/bin/../share/yosys/ecp5/cells_map.v' to AST representation.
Generating RTLIL representation for module `\$_DFF_N_'.
Generating RTLIL representation for module `\$_DFF_P_'.
Generating RTLIL representation for module `\$_DFFE_NN_'.
Generating RTLIL representation for module `\$_DFFE_PN_'.
Generating RTLIL representation for module `\$_DFFE_NP_'.
Generating RTLIL representation for module `\$_DFFE_PP_'.
Generating RTLIL representation for module `\$_DFF_NP0_'.
Generating RTLIL representation for module `\$_DFF_NP1_'.
Generating RTLIL representation for module `\$_DFF_PP0_'.
Generating RTLIL representation for module `\$_DFF_PP1_'.
Generating RTLIL representation for module `\$_SDFF_NP0_'.
Generating RTLIL representation for module `\$_SDFF_NP1_'.
Generating RTLIL representation for module `\$_SDFF_PP0_'.
Generating RTLIL representation for module `\$_SDFF_PP1_'.
Generating RTLIL representation for module `\$_DFFE_NP0P_'.
Generating RTLIL representation for module `\$_DFFE_NP1P_'.
Generating RTLIL representation for module `\$_DFFE_PP0P_'.
Generating RTLIL representation for module `\$_DFFE_PP1P_'.
Generating RTLIL representation for module `\$_DFFE_NP0N_'.
Generating RTLIL representation for module `\$_DFFE_NP1N_'.
Generating RTLIL representation for module `\$_DFFE_PP0N_'.
Generating RTLIL representation for module `\$_DFFE_PP1N_'.
Generating RTLIL representation for module `\$_SDFFE_NP0P_'.
Generating RTLIL representation for module `\$_SDFFE_NP1P_'.
Generating RTLIL representation for module `\$_SDFFE_PP0P_'.
Generating RTLIL representation for module `\$_SDFFE_PP1P_'.
Generating RTLIL representation for module `\$_SDFFE_NP0N_'.
Generating RTLIL representation for module `\$_SDFFE_NP1N_'.
Generating RTLIL representation for module `\$_SDFFE_PP0N_'.
Generating RTLIL representation for module `\$_SDFFE_PP1N_'.
Generating RTLIL representation for module `\FD1P3AX'.
Generating RTLIL representation for module `\FD1P3AY'.
Generating RTLIL representation for module `\FD1P3BX'.
Generating RTLIL representation for module `\FD1P3DX'.
Generating RTLIL representation for module `\FD1P3IX'.
Generating RTLIL representation for module `\FD1P3JX'.
Generating RTLIL representation for module `\FD1S3AX'.
Generating RTLIL representation for module `\FD1S3AY'.
Generating RTLIL representation for module `\FD1S3BX'.
Generating RTLIL representation for module `\FD1S3DX'.
Generating RTLIL representation for module `\FD1S3IX'.
Generating RTLIL representation for module `\FD1S3JX'.
Generating RTLIL representation for module `\IFS1P3BX'.
Generating RTLIL representation for module `\IFS1P3DX'.
Generating RTLIL representation for module `\IFS1P3IX'.
Generating RTLIL representation for module `\IFS1P3JX'.
Generating RTLIL representation for module `\OFS1P3BX'.
Generating RTLIL representation for module `\OFS1P3DX'.
Generating RTLIL representation for module `\OFS1P3IX'.
Generating RTLIL representation for module `\OFS1P3JX'.
Generating RTLIL representation for module `\IB'.
Generating RTLIL representation for module `\IBPU'.
Generating RTLIL representation for module `\IBPD'.
Generating RTLIL representation for module `\OB'.
Generating RTLIL representation for module `\OBZ'.
Generating RTLIL representation for module `\OBZPU'.
Generating RTLIL representation for module `\OBZPD'.
Generating RTLIL representation for module `\OBCO'.
Generating RTLIL representation for module `\BB'.
Generating RTLIL representation for module `\BBPU'.
Generating RTLIL representation for module `\BBPD'.
Generating RTLIL representation for module `\ILVDS'.
Generating RTLIL representation for module `\OLVDS'.
Generating RTLIL representation for module `\$lut'.
Successfully finished Verilog frontend.

8.39.2. Continuing TECHMAP pass.
Using template $paramod\$lut\WIDTH=32'00000000000000000000000000000001\LUT=2'01 for cells of type $lut.
Using template $paramod$fd48056f53c4a57c8ab017dbb88904826477cf28\$lut for cells of type $lut.
Using template $paramod$a1db0cceddeac660e5752d0f8826154a44496801\$lut for cells of type $lut.
Using template $paramod$c5ee66eb2a490feb211407baec4a64d121f5aead\$lut for cells of type $lut.
Using template $paramod\$lut\WIDTH=32'00000000000000000000000000000011\LUT=8'01101001 for cells of type $lut.
Using template $paramod$a587c1fcf59d0d189a71852ec78cfa754743eaf1\$lut for cells of type $lut.
Using template $paramod\$lut\WIDTH=32'00000000000000000000000000000011\LUT=8'10010110 for cells of type $lut.
Using template $paramod$e0bde73e598487237493c8a43ca52c95a3727354\$lut for cells of type $lut.
Using template $paramod\$lut\WIDTH=32'00000000000000000000000000000011\LUT=8'11001010 for cells of type $lut.
Using template $paramod\$lut\WIDTH=32'00000000000000000000000000000011\LUT=8'10101100 for cells of type $lut.
No more expansions possible.
<suppressed ~250 debug messages>

8.40. Executing OPT_LUT_INS pass (discard unused LUT inputs).
Optimizing LUTs in system.
Optimizing LUTs in system_controlM.
Optimizing LUTs in system_mergerM.
Optimizing LUTs in system_onEvenM.
Optimizing LUTs in system_onOddM.
Optimizing LUTs in system_routerM.
Optimizing LUTs in system_system.
Removed 0 unused cells and 108 unused wires.

8.41. Executing AUTONAME pass.
Renamed 32 objects in module system_controlM (2 iterations).
Renamed 16 objects in module system_mergerM (2 iterations).
Renamed 39 objects in module system_onOddM (4 iterations).
Renamed 1 objects in module system_routerM (2 iterations).
<suppressed ~76 debug messages>

8.42. Executing HIERARCHY pass (managing design hierarchy).

8.42.1. Analyzing design hierarchy..
Top module:  \system
Used module:     \system_system
Used module:         \system_controlM
Used module:         \system_mergerM
Used module:         \system_onEvenM
Used module:         \system_onOddM
Used module:         \system_routerM

8.42.2. Analyzing design hierarchy..
Top module:  \system
Used module:     \system_system
Used module:         \system_controlM
Used module:         \system_mergerM
Used module:         \system_onEvenM
Used module:         \system_onOddM
Used module:         \system_routerM
Removed 0 unused modules.

8.43. Printing statistics.

=== system ===

   Number of wires:                  5
   Number of wire bits:             36
   Number of public wires:           5
   Number of public wire bits:      36
   Number of memories:               0
   Number of memory bits:            0
   Number of processes:              0
   Number of cells:                  1
     system_system                   1

=== system_controlM ===

   Number of wires:                 10
   Number of wire bits:            133
   Number of public wires:          10
   Number of public wire bits:     133
   Number of memories:               0
   Number of memory bits:            0
   Number of processes:              0
   Number of cells:                 32
     LUT4                           16
     TRELLIS_FF                     16

=== system_mergerM ===

   Number of wires:                 10
   Number of wire bits:            135
   Number of public wires:          10
   Number of public wire bits:     135
   Number of memories:               0
   Number of memory bits:            0
   Number of processes:              0
   Number of cells:                 16
     LUT4                           16

=== system_onEvenM ===

   Number of wires:                  7
   Number of wire bits:             70
   Number of public wires:           7
   Number of public wire bits:      70
   Number of memories:               0
   Number of memory bits:            0
   Number of processes:              0
   Number of cells:                  0

=== system_onOddM ===

   Number of wires:                 14
   Number of wire bits:            111
   Number of public wires:          14
   Number of public wire bits:     111
   Number of memories:               0
   Number of memory bits:            0
   Number of processes:              0
   Number of cells:                 21
     LUT4                           21

=== system_routerM ===

   Number of wires:                 10
   Number of wire bits:            138
   Number of public wires:          10
   Number of public wire bits:     138
   Number of memories:               0
   Number of memory bits:            0
   Number of processes:              0
   Number of cells:                  1
     LUT4                            1

=== system_system ===

   Number of wires:                 14
   Number of wire bits:            237
   Number of public wires:          14
   Number of public wire bits:     237
   Number of memories:               0
   Number of memory bits:            0
   Number of processes:              0
   Number of cells:                  5
     system_controlM                 1
     system_mergerM                  1
     system_onEvenM                  1
     system_onOddM                   1
     system_routerM                  1

=== design hierarchy ===

   system                            1
     system_system                   1
       system_controlM               1
       system_mergerM                1
       system_onEvenM                1
       system_onOddM                 1
       system_routerM                1

   Number of wires:                 70
   Number of wire bits:            860
   Number of public wires:          70
   Number of public wire bits:     860
   Number of memories:               0
   Number of memory bits:            0
   Number of processes:              0
   Number of cells:                 70
     LUT4                           54
     TRELLIS_FF                     16

8.44. Executing CHECK pass (checking for obvious problems).
Checking module system...
Checking module system_controlM...
Checking module system_mergerM...
Checking module system_onEvenM...
Checking module system_onOddM...
Checking module system_routerM...
Checking module system_system...
Found and reported 0 problems.

8.45. Executing JSON backend.

End of script. Logfile hash: 508f50a0d7, CPU: user 0.92s system 0.01s, MEM: 379.77 MB peak
Yosys 0.10.0 (git sha1 UNKNOWN, gcc 11.1.0 -march=x86-64 -mtune=generic -O2 -fno-plt -fPIC -Os)
Time spent: 38% 1x abc (0 sec), 11% 16x read_verilog (0 sec), ...
